Build started 5/11/2014 1:56:32 AM.
     1>Project "C:\Users\Jackie Wei\Documents\GitHub\greenplus\Pollution Solution Working v 1\Pollution Solution\Bugs\FreeGLUT.vcxproj" on node 2 (Build target(s)).
     1>ClCompile:
         C:\Program Files (x86)\Microsoft Visual Studio 11.0\VC\bin\CL.exe /c /Zi /nologo /W0 /WX- /Ox /Ot /Oy /D _CRT_SECURE_NO_WARNINGS /D _MBCS /Gm /EHsc /MDd /GS /Gy /fp:fast /Zc:wchar_t /Zc:forScope /Fo"obj\x32\Debug\FreeGLUT\\" /Fd"bin\Debug\FreeGLUT.pdb" /Gd /TC /analyze- /errorReport:prompt ..\..\freeglut\freeglut_callbacks.c ..\..\freeglut\freeglut_cursor.c ..\..\freeglut\freeglut_display.c ..\..\freeglut\freeglut_ext.c ..\..\freeglut\freeglut_font.c ..\..\freeglut\freeglut_font_data.c ..\..\freeglut\freeglut_gamemode.c ..\..\freeglut\freeglut_geometry.c ..\..\freeglut\freeglut_glutfont_definitions.c ..\..\freeglut\freeglut_init.c ..\..\freeglut\freeglut_input_devices.c ..\..\freeglut\freeglut_joystick.c ..\..\freeglut\freeglut_main.c ..\..\freeglut\freeglut_menu.c ..\..\freeglut\freeglut_misc.c ..\..\freeglut\freeglut_overlay.c ..\..\freeglut\freeglut_spaceball.c ..\..\freeglut\freeglut_state.c ..\..\freeglut\freeglut_stroke_mono_roman.c ..\..\freeglut\freeglut_stroke_roman.c ..\..\freeglut\freeglut_structure.c ..\..\freeglut\freeglut_teapot.c ..\..\freeglut\freeglut_videoresize.c ..\..\freeglut\freeglut_window.c
         freeglut_window.c
     1>c1 : fatal error C1083: Cannot open source file: '..\..\freeglut\freeglut_window.c': No such file or directory
         freeglut_videoresize.c
     1>c1 : fatal error C1083: Cannot open source file: '..\..\freeglut\freeglut_videoresize.c': No such file or directory
         freeglut_teapot.c
     1>c1 : fatal error C1083: Cannot open source file: '..\..\freeglut\freeglut_teapot.c': No such file or directory
         freeglut_structure.c
     1>c1 : fatal error C1083: Cannot open source file: '..\..\freeglut\freeglut_structure.c': No such file or directory
         freeglut_stroke_roman.c
     1>c1 : fatal error C1083: Cannot open source file: '..\..\freeglut\freeglut_stroke_roman.c': No such file or directory
         freeglut_stroke_mono_roman.c
     1>c1 : fatal error C1083: Cannot open source file: '..\..\freeglut\freeglut_stroke_mono_roman.c': No such file or directory
         freeglut_state.c
     1>c1 : fatal error C1083: Cannot open source file: '..\..\freeglut\freeglut_state.c': No such file or directory
         freeglut_spaceball.c
     1>c1 : fatal error C1083: Cannot open source file: '..\..\freeglut\freeglut_spaceball.c': No such file or directory
         freeglut_overlay.c
     1>c1 : fatal error C1083: Cannot open source file: '..\..\freeglut\freeglut_overlay.c': No such file or directory
         freeglut_misc.c
     1>c1 : fatal error C1083: Cannot open source file: '..\..\freeglut\freeglut_misc.c': No such file or directory
         freeglut_menu.c
     1>c1 : fatal error C1083: Cannot open source file: '..\..\freeglut\freeglut_menu.c': No such file or directory
         freeglut_main.c
     1>c1 : fatal error C1083: Cannot open source file: '..\..\freeglut\freeglut_main.c': No such file or directory
         freeglut_joystick.c
     1>c1 : fatal error C1083: Cannot open source file: '..\..\freeglut\freeglut_joystick.c': No such file or directory
         freeglut_input_devices.c
     1>c1 : fatal error C1083: Cannot open source file: '..\..\freeglut\freeglut_input_devices.c': No such file or directory
         freeglut_init.c
     1>c1 : fatal error C1083: Cannot open source file: '..\..\freeglut\freeglut_init.c': No such file or directory
         freeglut_glutfont_definitions.c
     1>c1 : fatal error C1083: Cannot open source file: '..\..\freeglut\freeglut_glutfont_definitions.c': No such file or directory
         freeglut_geometry.c
     1>c1 : fatal error C1083: Cannot open source file: '..\..\freeglut\freeglut_geometry.c': No such file or directory
         freeglut_gamemode.c
     1>c1 : fatal error C1083: Cannot open source file: '..\..\freeglut\freeglut_gamemode.c': No such file or directory
         freeglut_font_data.c
     1>c1 : fatal error C1083: Cannot open source file: '..\..\freeglut\freeglut_font_data.c': No such file or directory
         freeglut_font.c
     1>c1 : fatal error C1083: Cannot open source file: '..\..\freeglut\freeglut_font.c': No such file or directory
         Generating Code...
         Compiling...
         freeglut_ext.c
     1>c1 : fatal error C1083: Cannot open source file: '..\..\freeglut\freeglut_ext.c': No such file or directory
         freeglut_display.c
     1>c1 : fatal error C1083: Cannot open source file: '..\..\freeglut\freeglut_display.c': No such file or directory
         freeglut_cursor.c
     1>c1 : fatal error C1083: Cannot open source file: '..\..\freeglut\freeglut_cursor.c': No such file or directory
         freeglut_callbacks.c
     1>c1 : fatal error C1083: Cannot open source file: '..\..\freeglut\freeglut_callbacks.c': No such file or directory
         Generating Code...
     1>Done Building Project "C:\Users\Jackie Wei\Documents\GitHub\greenplus\Pollution Solution Working v 1\Pollution Solution\Bugs\FreeGLUT.vcxproj" (Build target(s)) -- FAILED.

Build FAILED.

Time Elapsed 00:00:00.28
