Build started 5/12/2014 7:08:33 PM.
     1>Project "C:\Users\Rhododendron\Documents\GitHub\green\Pollution Solution Working v 1\Pollution Solution\Bugs\Bugs.vcxproj" on node 2 (Build target(s)).
     1>ClCompile:
         C:\Program Files (x86)\Microsoft Visual Studio 11.0\VC\bin\CL.exe /c /IBox2D.lib /ZI /nologo /W3 /WX- /sdl /Od /Oy- /D WIN32 /D _DEBUG /D _WINDOWS /D _UNICODE /D UNICODE /Gm /EHsc /RTC1 /MDd /GS /fp:precise /Zc:wchar_t /Zc:forScope /Fo"C:\Users\Rhododendron\Documents\GitHub\green\Pollution Solution Working v 1\Pollution Solution\Temp\Bugs\Debug\\" /Fd"C:\Users\Rhododendron\Documents\GitHub\green\Pollution Solution Working v 1\Pollution Solution\Temp\Bugs\Debug\vc110.pdb" /Gd /TP /analyze- /errorReport:prompt src\bugs\BugsKeyEventHandler.cpp
         BugsKeyEventHandler.cpp
       Link:
         C:\Program Files (x86)\Microsoft Visual Studio 11.0\VC\bin\link.exe /ERRORREPORT:PROMPT /OUT:"C:\Users\Rhododendron\Documents\GitHub\green\Pollution Solution Working v 1\Pollution Solution\Apps\Bugs\Bugs.exe" /INCREMENTAL /NOLOGO d3d9.lib d3dx9.lib winmm.lib PoseurSpriteTypesImporter.lib SimpleSideScrollerFramework.lib tinyxml.lib TMXMapImporter.lib XMLFileImporter.lib fmod_vc.lib LuaPlusFramework.lib LuaPlus.lib Box2D.lib FreeGLUT.lib glu32.lib opengl32.lib kernel32.lib user32.lib gdi32.lib winspool.lib comdlg32.lib advapi32.lib shell32.lib ole32.lib oleaut32.lib uuid.lib odbc32.lib odbccp32.lib /MANIFEST /MANIFESTUAC:"level='asInvoker' uiAccess='false'" /manifest:embed /DEBUG /PDB:"C:\Users\Rhododendron\Documents\GitHub\green\Pollution Solution Working v 1\Pollution Solution\Apps\Bugs\Bugs.pdb" /SUBSYSTEM:WINDOWS /TLBID:1 /DYNAMICBASE /NXCOMPAT /IMPLIB:"C:\Users\Rhododendron\Documents\GitHub\green\Pollution Solution Working v 1\Pollution Solution\Apps\Bugs\Bugs.lib" /MACHINE:X86 "C:\Users\Rhododendron\Documents\GitHub\green\Pollution Solution Working v 1\Pollution Solution\Temp\Bugs\Debug\BugsButtonEventHandler.obj"
         "C:\Users\Rhododendron\Documents\GitHub\green\Pollution Solution Working v 1\Pollution Solution\Temp\Bugs\Debug\BugsCollisionListener.obj"
         "C:\Users\Rhododendron\Documents\GitHub\green\Pollution Solution Working v 1\Pollution Solution\Temp\Bugs\Debug\BugsDataLoader.obj"
         "C:\Users\Rhododendron\Documents\GitHub\green\Pollution Solution Working v 1\Pollution Solution\Temp\Bugs\Debug\BugsGame.obj"
         "C:\Users\Rhododendron\Documents\GitHub\green\Pollution Solution Working v 1\Pollution Solution\Temp\Bugs\Debug\BugsKeyEventHandler.obj"
         "C:\Users\Rhododendron\Documents\GitHub\green\Pollution Solution Working v 1\Pollution Solution\Temp\Bugs\Debug\BugsMouseEventHandler.obj"
         "C:\Users\Rhododendron\Documents\GitHub\green\Pollution Solution Working v 1\Pollution Solution\Temp\Bugs\Debug\BugsTextGenerator.obj"
         "C:\Users\Rhododendron\Documents\GitHub\green\Pollution Solution Working v 1\Pollution Solution\Temp\Bugs\Debug\DebugDraw.obj"
         "C:\Users\Rhododendron\Documents\GitHub\green\Pollution Solution Working v 1\Pollution Solution\Temp\Bugs\Debug\stdafx.obj"
     1>BugsDataLoader.obj : error LNK2019: unresolved external symbol "public: void __thiscall Physics::addCO(class CollidableObject *)" (?addCO@Physics@@QAEXPAVCollidableObject@@@Z) referenced in function "public: void __thiscall BugsDataLoader::addItem(class Game *,class AnimatedSpriteType *,float,float)" (?addItem@BugsDataLoader@@QAEXPAVGame@@PAVAnimatedSpriteType@@MM@Z)
     1>C:\Users\Rhododendron\Documents\GitHub\green\Pollution Solution Working v 1\Pollution Solution\Apps\Bugs\Bugs.exe : fatal error LNK1120: 1 unresolved externals
     1>Done Building Project "C:\Users\Rhododendron\Documents\GitHub\green\Pollution Solution Working v 1\Pollution Solution\Bugs\Bugs.vcxproj" (Build target(s)) -- FAILED.

Build FAILED.

Time Elapsed 00:00:06.06
