C:\Users\Jackie Wei\Documents\GitHub\greenplus\Pollution Solution Working v 1\Pollution Solution\Apps\Bugs\Bugs.lib
C:\Users\Jackie Wei\Documents\GitHub\greenplus\Pollution Solution Working v 1\Pollution Solution\Apps\Bugs\Bugs.exp
C:\USERS\JACKIE WEI\DOCUMENTS\GITHUB\GREENPLUS\POLLUTION SOLUTION WORKING V 1\POLLUTION SOLUTION\TEMP\BUGS\DEBUG\BUGSBUTTONEVENTHANDLER.OBJ
C:\USERS\JACKIE WEI\DOCUMENTS\GITHUB\GREENPLUS\POLLUTION SOLUTION WORKING V 1\POLLUTION SOLUTION\TEMP\BUGS\DEBUG\BUGSCOLLISIONLISTENER.OBJ
C:\USERS\JACKIE WEI\DOCUMENTS\GITHUB\GREENPLUS\POLLUTION SOLUTION WORKING V 1\POLLUTION SOLUTION\TEMP\BUGS\DEBUG\BUGSDATALOADER.OBJ
C:\USERS\JACKIE WEI\DOCUMENTS\GITHUB\GREENPLUS\POLLUTION SOLUTION WORKING V 1\POLLUTION SOLUTION\TEMP\BUGS\DEBUG\BUGSGAME.OBJ
C:\USERS\JACKIE WEI\DOCUMENTS\GITHUB\GREENPLUS\POLLUTION SOLUTION WORKING V 1\POLLUTION SOLUTION\TEMP\BUGS\DEBUG\BUGSKEYEVENTHANDLER.OBJ
C:\USERS\JACKIE WEI\DOCUMENTS\GITHUB\GREENPLUS\POLLUTION SOLUTION WORKING V 1\POLLUTION SOLUTION\TEMP\BUGS\DEBUG\BUGSMOUSEEVENTHANDLER.OBJ
C:\USERS\JACKIE WEI\DOCUMENTS\GITHUB\GREENPLUS\POLLUTION SOLUTION WORKING V 1\POLLUTION SOLUTION\TEMP\BUGS\DEBUG\BUGSTEXTGENERATOR.OBJ
C:\USERS\JACKIE WEI\DOCUMENTS\GITHUB\GREENPLUS\POLLUTION SOLUTION WORKING V 1\POLLUTION SOLUTION\TEMP\BUGS\DEBUG\STDAFX.OBJ
C:\USERS\JACKIE WEI\DOCUMENTS\GITHUB\GREENPLUS\POLLUTION SOLUTION WORKING V 1\POLLUTION SOLUTION\TEMP\BUGS\DEBUG\VC110.PDB
C:\USERS\JACKIE WEI\DOCUMENTS\GITHUB\GREENPLUS\POLLUTION SOLUTION WORKING V 1\POLLUTION SOLUTION\APPS\BUGS\BUGS.ILK
C:\USERS\JACKIE WEI\DOCUMENTS\GITHUB\GREENPLUS\POLLUTION SOLUTION WORKING V 1\POLLUTION SOLUTION\APPS\BUGS\BUGS.EXE
C:\USERS\JACKIE WEI\DOCUMENTS\GITHUB\GREENPLUS\POLLUTION SOLUTION WORKING V 1\POLLUTION SOLUTION\APPS\BUGS\BUGS.PDB
C:\Users\Jackie Wei\Documents\GitHub\greenplus\Pollution Solution Working v 1\Pollution Solution\Temp\Bugs\Debug\BugsButtonEventHandler.obj
C:\Users\Jackie Wei\Documents\GitHub\greenplus\Pollution Solution Working v 1\Pollution Solution\Temp\Bugs\Debug\BugsCollisionListener.obj
C:\Users\Jackie Wei\Documents\GitHub\greenplus\Pollution Solution Working v 1\Pollution Solution\Temp\Bugs\Debug\BugsDataLoader.obj
C:\Users\Jackie Wei\Documents\GitHub\greenplus\Pollution Solution Working v 1\Pollution Solution\Temp\Bugs\Debug\BugsGame.obj
C:\Users\Jackie Wei\Documents\GitHub\greenplus\Pollution Solution Working v 1\Pollution Solution\Temp\Bugs\Debug\BugsKeyEventHandler.obj
C:\Users\Jackie Wei\Documents\GitHub\greenplus\Pollution Solution Working v 1\Pollution Solution\Temp\Bugs\Debug\BugsMouseEventHandler.obj
C:\Users\Jackie Wei\Documents\GitHub\greenplus\Pollution Solution Working v 1\Pollution Solution\Temp\Bugs\Debug\BugsTextGenerator.obj
C:\Users\Jackie Wei\Documents\GitHub\greenplus\Pollution Solution Working v 1\Pollution Solution\Temp\Bugs\Debug\stdafx.obj
C:\Users\Jackie Wei\Documents\GitHub\greenplus\Pollution Solution Working v 1\Pollution Solution\Temp\Bugs\Debug\Bugs.write.1.tlog
C:\Users\Jackie Wei\Documents\GitHub\greenplus\Pollution Solution Working v 1\Pollution Solution\Temp\Bugs\Debug\cl.command.1.tlog
C:\Users\Jackie Wei\Documents\GitHub\greenplus\Pollution Solution Working v 1\Pollution Solution\Temp\Bugs\Debug\CL.read.1.tlog
C:\Users\Jackie Wei\Documents\GitHub\greenplus\Pollution Solution Working v 1\Pollution Solution\Temp\Bugs\Debug\CL.write.1.tlog
C:\Users\Jackie Wei\Documents\GitHub\greenplus\Pollution Solution Working v 1\Pollution Solution\Temp\Bugs\Debug\link-cvtres.read.1.tlog
C:\Users\Jackie Wei\Documents\GitHub\greenplus\Pollution Solution Working v 1\Pollution Solution\Temp\Bugs\Debug\link-cvtres.write.1.tlog
C:\Users\Jackie Wei\Documents\GitHub\greenplus\Pollution Solution Working v 1\Pollution Solution\Temp\Bugs\Debug\link-rc.read.1.tlog
C:\Users\Jackie Wei\Documents\GitHub\greenplus\Pollution Solution Working v 1\Pollution Solution\Temp\Bugs\Debug\link-rc.write.1.tlog
C:\Users\Jackie Wei\Documents\GitHub\greenplus\Pollution Solution Working v 1\Pollution Solution\Temp\Bugs\Debug\link.6832-cvtres.read.1.tlog
C:\Users\Jackie Wei\Documents\GitHub\greenplus\Pollution Solution Working v 1\Pollution Solution\Temp\Bugs\Debug\link.6832-cvtres.write.1.tlog
C:\Users\Jackie Wei\Documents\GitHub\greenplus\Pollution Solution Working v 1\Pollution Solution\Temp\Bugs\Debug\link.6832-rc.read.1.tlog
C:\Users\Jackie Wei\Documents\GitHub\greenplus\Pollution Solution Working v 1\Pollution Solution\Temp\Bugs\Debug\link.6832-rc.write.1.tlog
C:\Users\Jackie Wei\Documents\GitHub\greenplus\Pollution Solution Working v 1\Pollution Solution\Temp\Bugs\Debug\link.6832.read.1.tlog
C:\Users\Jackie Wei\Documents\GitHub\greenplus\Pollution Solution Working v 1\Pollution Solution\Temp\Bugs\Debug\link.6832.write.1.tlog
C:\Users\Jackie Wei\Documents\GitHub\greenplus\Pollution Solution Working v 1\Pollution Solution\Temp\Bugs\Debug\link.6900-cvtres.read.1.tlog
C:\Users\Jackie Wei\Documents\GitHub\greenplus\Pollution Solution Working v 1\Pollution Solution\Temp\Bugs\Debug\link.6900-cvtres.write.1.tlog
C:\Users\Jackie Wei\Documents\GitHub\greenplus\Pollution Solution Working v 1\Pollution Solution\Temp\Bugs\Debug\link.6900-rc.read.1.tlog
C:\Users\Jackie Wei\Documents\GitHub\greenplus\Pollution Solution Working v 1\Pollution Solution\Temp\Bugs\Debug\link.6900-rc.write.1.tlog
C:\Users\Jackie Wei\Documents\GitHub\greenplus\Pollution Solution Working v 1\Pollution Solution\Temp\Bugs\Debug\link.6900.read.1.tlog
C:\Users\Jackie Wei\Documents\GitHub\greenplus\Pollution Solution Working v 1\Pollution Solution\Temp\Bugs\Debug\link.6900.write.1.tlog
C:\Users\Jackie Wei\Documents\GitHub\greenplus\Pollution Solution Working v 1\Pollution Solution\Temp\Bugs\Debug\link.command.1.tlog
C:\Users\Jackie Wei\Documents\GitHub\greenplus\Pollution Solution Working v 1\Pollution Solution\Temp\Bugs\Debug\link.read.1.tlog
C:\Users\Jackie Wei\Documents\GitHub\greenplus\Pollution Solution Working v 1\Pollution Solution\Temp\Bugs\Debug\link.write.1.tlog
C:\Users\Jackie Wei\Documents\GitHub\greenplus\Pollution Solution Working v 1\Pollution Solution\Temp\Bugs\Debug\vc110.idb
C:\Users\Jackie Wei\Documents\GitHub\greenplus\Pollution Solution Working v 1\Pollution Solution\Temp\Bugs\Debug\vc110.pdb
C:\Users\Jackie Wei\Documents\GitHub\greenplus\Pollution Solution Working v 1\Pollution Solution\Apps\Bugs\Bugs.pdb
C:\Users\Jackie Wei\Documents\GitHub\greenplus\Pollution Solution Working v 1\Pollution Solution\Apps\Bugs\Bugs.exe
C:\Users\Jackie Wei\Documents\GitHub\greenplus\Pollution Solution Working v 1\Pollution Solution\Apps\Bugs\Bugs.ilk
