C:\USERS\JACKIE WEI\DOCUMENTS\GITHUB\GREENPLUS\POLLUTION SOLUTION WORKING V 1\POLLUTION SOLUTION\TEMP\TINYXML\DEBUG\TINYSTR.OBJ
C:\USERS\JACKIE WEI\DOCUMENTS\GITHUB\GREENPLUS\POLLUTION SOLUTION WORKING V 1\POLLUTION SOLUTION\TEMP\TINYXML\DEBUG\TINYXML.OBJ
C:\USERS\JACKIE WEI\DOCUMENTS\GITHUB\GREENPLUS\POLLUTION SOLUTION WORKING V 1\POLLUTION SOLUTION\TEMP\TINYXML\DEBUG\TINYXMLERROR.OBJ
C:\USERS\JACKIE WEI\DOCUMENTS\GITHUB\GREENPLUS\POLLUTION SOLUTION WORKING V 1\POLLUTION SOLUTION\TEMP\TINYXML\DEBUG\TINYXMLPARSER.OBJ
C:\USERS\JACKIE WEI\DOCUMENTS\GITHUB\GREENPLUS\POLLUTION SOLUTION WORKING V 1\POLLUTION SOLUTION\TEMP\TINYXML\DEBUG\XMLTEST.OBJ
C:\USERS\JACKIE WEI\DOCUMENTS\GITHUB\GREENPLUS\POLLUTION SOLUTION WORKING V 1\POLLUTION SOLUTION\TEMP\TINYXML\DEBUG\STDAFX.OBJ
C:\USERS\JACKIE WEI\DOCUMENTS\GITHUB\GREENPLUS\POLLUTION SOLUTION WORKING V 1\POLLUTION SOLUTION\TEMP\TINYXML\DEBUG\VC110.PDB
C:\USERS\JACKIE WEI\DOCUMENTS\GITHUB\GREENPLUS\POLLUTION SOLUTION WORKING V 1\POLLUTION SOLUTION\COMMON\TINYXML.LIB
C:\Users\Jackie Wei\Documents\GitHub\greenplus\Pollution Solution Working v 1\Pollution Solution\Temp\tinyxml\Debug\stdafx.obj
C:\Users\Jackie Wei\Documents\GitHub\greenplus\Pollution Solution Working v 1\Pollution Solution\Temp\tinyxml\Debug\tinystr.obj
C:\Users\Jackie Wei\Documents\GitHub\greenplus\Pollution Solution Working v 1\Pollution Solution\Temp\tinyxml\Debug\tinyxml.obj
C:\Users\Jackie Wei\Documents\GitHub\greenplus\Pollution Solution Working v 1\Pollution Solution\Temp\tinyxml\Debug\tinyxmlerror.obj
C:\Users\Jackie Wei\Documents\GitHub\greenplus\Pollution Solution Working v 1\Pollution Solution\Temp\tinyxml\Debug\tinyxmlparser.obj
C:\Users\Jackie Wei\Documents\GitHub\greenplus\Pollution Solution Working v 1\Pollution Solution\Temp\tinyxml\Debug\xmltest.obj
C:\Users\Jackie Wei\Documents\GitHub\greenplus\Pollution Solution Working v 1\Pollution Solution\Temp\tinyxml\Debug\cl.command.1.tlog
C:\Users\Jackie Wei\Documents\GitHub\greenplus\Pollution Solution Working v 1\Pollution Solution\Temp\tinyxml\Debug\CL.read.1.tlog
C:\Users\Jackie Wei\Documents\GitHub\greenplus\Pollution Solution Working v 1\Pollution Solution\Temp\tinyxml\Debug\CL.write.1.tlog
C:\Users\Jackie Wei\Documents\GitHub\greenplus\Pollution Solution Working v 1\Pollution Solution\Temp\tinyxml\Debug\Lib-link.read.1.tlog
C:\Users\Jackie Wei\Documents\GitHub\greenplus\Pollution Solution Working v 1\Pollution Solution\Temp\tinyxml\Debug\Lib-link.write.1.tlog
C:\Users\Jackie Wei\Documents\GitHub\greenplus\Pollution Solution Working v 1\Pollution Solution\Temp\tinyxml\Debug\lib.command.1.tlog
C:\Users\Jackie Wei\Documents\GitHub\greenplus\Pollution Solution Working v 1\Pollution Solution\Temp\tinyxml\Debug\vc110.idb
C:\Users\Jackie Wei\Documents\GitHub\greenplus\Pollution Solution Working v 1\Pollution Solution\Temp\tinyxml\Debug\vc110.pdb
C:\Users\Jackie Wei\Documents\GitHub\greenplus\Pollution Solution Working v 1\Pollution Solution\Common\tinyxml.lib
