Build started 4/16/2014 3:52:14 PM.
     1>Project "C:\Users\Rhododendron\Documents\GitHub\green\Pollution Solution\Bugs\Bugs.vcxproj" on node 2 (Build target(s)).
     1>ClCompile:
         C:\Program Files (x86)\Microsoft Visual Studio 11.0\VC\bin\CL.exe /c /ZI /nologo /W3 /WX- /sdl /Od /Oy- /D WIN32 /D _DEBUG /D _WINDOWS /D _UNICODE /D UNICODE /Gm /EHsc /RTC1 /MDd /GS /fp:precise /Zc:wchar_t /Zc:forScope /Fo"C:\Users\Rhododendron\Documents\GitHub\green\Pollution Solution\Temp\Green\Debug\\" /Fd"C:\Users\Rhododendron\Documents\GitHub\green\Pollution Solution\Temp\Green\Debug\vc110.pdb" /Gd /TP /analyze- /errorReport:prompt src\bugs\BugsButtonEventHandler.cpp src\bugs\BugsCollisionListener.cpp src\bugs\BugsDataLoader.cpp src\bugs\BugsGame.cpp src\bugs\BugsKeyEventHandler.cpp src\bugs\BugsMouseEventHandler.cpp src\bugs\BugsTextGenerator.cpp src\bugs_VS\stdafx.cpp
         stdafx.cpp
         BugsTextGenerator.cpp
         BugsMouseEventHandler.cpp
         BugsKeyEventHandler.cpp
         BugsGame.cpp
         BugsDataLoader.cpp
         BugsCollisionListener.cpp
         BugsButtonEventHandler.cpp
         Generating Code...
       Link:
         C:\Program Files (x86)\Microsoft Visual Studio 11.0\VC\bin\link.exe /ERRORREPORT:PROMPT /OUT:"C:\Users\Rhododendron\Documents\GitHub\green\Pollution Solution\Apps\Green\Green.exe" /INCREMENTAL /NOLOGO d3d9.lib d3dx9.lib winmm.lib PoseurSpriteTypesImporter.lib SimpleSideScrollerFramework.lib tinyxml.lib TMXMapImporter.lib XMLFileImporter.lib kernel32.lib user32.lib gdi32.lib winspool.lib comdlg32.lib advapi32.lib shell32.lib ole32.lib oleaut32.lib uuid.lib odbc32.lib odbccp32.lib /MANIFEST /MANIFESTUAC:"level='asInvoker' uiAccess='false'" /manifest:embed /DEBUG /PDB:"C:\Users\Rhododendron\Documents\GitHub\green\Pollution Solution\Apps\Green\Green.pdb" /SUBSYSTEM:WINDOWS /TLBID:1 /DYNAMICBASE /NXCOMPAT /IMPLIB:"C:\Users\Rhododendron\Documents\GitHub\green\Pollution Solution\Apps\Green\Green.lib" /MACHINE:X86 "C:\Users\Rhododendron\Documents\GitHub\green\Pollution Solution\Temp\Green\Debug\BugsButtonEventHandler.obj"
         "C:\Users\Rhododendron\Documents\GitHub\green\Pollution Solution\Temp\Green\Debug\BugsCollisionListener.obj"
         "C:\Users\Rhododendron\Documents\GitHub\green\Pollution Solution\Temp\Green\Debug\BugsDataLoader.obj"
         "C:\Users\Rhododendron\Documents\GitHub\green\Pollution Solution\Temp\Green\Debug\BugsGame.obj"
         "C:\Users\Rhododendron\Documents\GitHub\green\Pollution Solution\Temp\Green\Debug\BugsKeyEventHandler.obj"
         "C:\Users\Rhododendron\Documents\GitHub\green\Pollution Solution\Temp\Green\Debug\BugsMouseEventHandler.obj"
         "C:\Users\Rhododendron\Documents\GitHub\green\Pollution Solution\Temp\Green\Debug\BugsTextGenerator.obj"
         "C:\Users\Rhododendron\Documents\GitHub\green\Pollution Solution\Temp\Green\Debug\stdafx.obj"
         Bugs.vcxproj -> C:\Users\Rhododendron\Documents\GitHub\green\Pollution Solution\Apps\Green\Green.exe
     1>Done Building Project "C:\Users\Rhododendron\Documents\GitHub\green\Pollution Solution\Bugs\Bugs.vcxproj" (Build target(s)).

Build succeeded.

Time Elapsed 00:00:53.45
