<<<<<<< HEAD
C:\USERS\JACKIE WEI\DOCUMENTS\GITHUB\GREENPLUS\POLLUTION SOLUTION WORKING V 1\POLLUTION SOLUTION\TEMP\TMXMAPIMPORTER\DEBUG\TMXMAPIMPORTER.OBJ
C:\USERS\JACKIE WEI\DOCUMENTS\GITHUB\GREENPLUS\POLLUTION SOLUTION WORKING V 1\POLLUTION SOLUTION\TEMP\TMXMAPIMPORTER\DEBUG\STDAFX.OBJ
C:\USERS\JACKIE WEI\DOCUMENTS\GITHUB\GREENPLUS\POLLUTION SOLUTION WORKING V 1\POLLUTION SOLUTION\TEMP\TMXMAPIMPORTER\DEBUG\VC110.PDB
C:\USERS\JACKIE WEI\DOCUMENTS\GITHUB\GREENPLUS\POLLUTION SOLUTION WORKING V 1\POLLUTION SOLUTION\COMMON\TMXMAPIMPORTER.LIB
C:\Users\Jackie Wei\Documents\GitHub\greenplus\Pollution Solution Working v 1\Pollution Solution\Temp\TMXMapImporter\Debug\stdafx.obj
C:\Users\Jackie Wei\Documents\GitHub\greenplus\Pollution Solution Working v 1\Pollution Solution\Temp\TMXMapImporter\Debug\TMXMapImporter.obj
C:\Users\Jackie Wei\Documents\GitHub\greenplus\Pollution Solution Working v 1\Pollution Solution\Temp\TMXMapImporter\Debug\cl.command.1.tlog
C:\Users\Jackie Wei\Documents\GitHub\greenplus\Pollution Solution Working v 1\Pollution Solution\Temp\TMXMapImporter\Debug\CL.read.1.tlog
C:\Users\Jackie Wei\Documents\GitHub\greenplus\Pollution Solution Working v 1\Pollution Solution\Temp\TMXMapImporter\Debug\CL.write.1.tlog
C:\Users\Jackie Wei\Documents\GitHub\greenplus\Pollution Solution Working v 1\Pollution Solution\Temp\TMXMapImporter\Debug\Lib-link.read.1.tlog
C:\Users\Jackie Wei\Documents\GitHub\greenplus\Pollution Solution Working v 1\Pollution Solution\Temp\TMXMapImporter\Debug\Lib-link.write.1.tlog
C:\Users\Jackie Wei\Documents\GitHub\greenplus\Pollution Solution Working v 1\Pollution Solution\Temp\TMXMapImporter\Debug\lib.command.1.tlog
C:\Users\Jackie Wei\Documents\GitHub\greenplus\Pollution Solution Working v 1\Pollution Solution\Temp\TMXMapImporter\Debug\vc110.idb
C:\Users\Jackie Wei\Documents\GitHub\greenplus\Pollution Solution Working v 1\Pollution Solution\Temp\TMXMapImporter\Debug\vc110.pdb
C:\Users\Jackie Wei\Documents\GitHub\greenplus\Pollution Solution Working v 1\Pollution Solution\Common\TMXMapImporter.lib
=======
C:\USERS\RHODODENDRON\DOCUMENTS\GITHUB\GREEN\POLLUTION SOLUTION\TEMP\TMXMAPIMPORTER\DEBUG\TMXMAPIMPORTER.OBJ
C:\USERS\RHODODENDRON\DOCUMENTS\GITHUB\GREEN\POLLUTION SOLUTION\TEMP\TMXMAPIMPORTER\DEBUG\STDAFX.OBJ
C:\USERS\RHODODENDRON\DOCUMENTS\GITHUB\GREEN\POLLUTION SOLUTION\TEMP\TMXMAPIMPORTER\DEBUG\VC110.PDB
C:\USERS\RHODODENDRON\DOCUMENTS\GITHUB\GREEN\POLLUTION SOLUTION WORKING V 1\POLLUTION SOLUTION\TEMP\TMXMAPIMPORTER\DEBUG\TMXMAPIMPORTER.OBJ
C:\USERS\RHODODENDRON\DOCUMENTS\GITHUB\GREEN\POLLUTION SOLUTION WORKING V 1\POLLUTION SOLUTION\TEMP\TMXMAPIMPORTER\DEBUG\STDAFX.OBJ
C:\USERS\RHODODENDRON\DOCUMENTS\GITHUB\GREEN\POLLUTION SOLUTION WORKING V 1\POLLUTION SOLUTION\TEMP\TMXMAPIMPORTER\DEBUG\VC110.PDB
C:\USERS\RHODODENDRON\DOCUMENTS\GITHUB\GREEN\POLLUTION SOLUTION\COMMON\TMXMAPIMPORTER.LIB
C:\USERS\RHODODENDRON\DOCUMENTS\GITHUB\GREEN\POLLUTION SOLUTION WORKING V 1\POLLUTION SOLUTION\COMMON\TMXMAPIMPORTER.LIB
C:\Users\Rhododendron\Documents\GitHub\green\Pollution Solution Working v 1\Pollution Solution\Temp\TMXMapImporter\Debug\stdafx.obj
C:\Users\Rhododendron\Documents\GitHub\green\Pollution Solution Working v 1\Pollution Solution\Temp\TMXMapImporter\Debug\TMXMapImporter.obj
C:\Users\Rhododendron\Documents\GitHub\green\Pollution Solution Working v 1\Pollution Solution\Temp\TMXMapImporter\Debug\cl.command.1.tlog
C:\Users\Rhododendron\Documents\GitHub\green\Pollution Solution Working v 1\Pollution Solution\Temp\TMXMapImporter\Debug\CL.read.1.tlog
C:\Users\Rhododendron\Documents\GitHub\green\Pollution Solution Working v 1\Pollution Solution\Temp\TMXMapImporter\Debug\CL.write.1.tlog
C:\Users\Rhododendron\Documents\GitHub\green\Pollution Solution Working v 1\Pollution Solution\Temp\TMXMapImporter\Debug\Lib-link.read.1.tlog
C:\Users\Rhododendron\Documents\GitHub\green\Pollution Solution Working v 1\Pollution Solution\Temp\TMXMapImporter\Debug\Lib-link.write.1.tlog
C:\Users\Rhododendron\Documents\GitHub\green\Pollution Solution Working v 1\Pollution Solution\Temp\TMXMapImporter\Debug\lib.command.1.tlog
C:\Users\Rhododendron\Documents\GitHub\green\Pollution Solution Working v 1\Pollution Solution\Temp\TMXMapImporter\Debug\vc110.idb
C:\Users\Rhododendron\Documents\GitHub\green\Pollution Solution Working v 1\Pollution Solution\Temp\TMXMapImporter\Debug\vc110.pdb
C:\Users\Rhododendron\Documents\GitHub\green\Pollution Solution Working v 1\Pollution Solution\Common\TMXMapImporter.lib
>>>>>>> cc1c296a7d317e34e412b55cb0e32688a87d0415
