<<<<<<< HEAD
﻿Build started 4/27/2014 9:29:46 PM.
     1>Project "C:\Users\Stellar\Documents\git\Pollution Solution Working v 1\Pollution Solution\TMXMapImporter\TMXMapImporter.vcxproj" on node 8 (Build target(s)).
     1>ClCompile:
         C:\Program Files (x86)\Microsoft Visual Studio 11.0\VC\bin\CL.exe /c /ZI /nologo /W3 /WX- /sdl /Od /Oy- /D WIN32 /D _DEBUG /D _LIB /D _UNICODE /D UNICODE /Gm /EHsc /RTC1 /MDd /GS /fp:precise /Zc:wchar_t /Zc:forScope /Fo"C:\Users\Stellar\Documents\git\Pollution Solution Working v 1\Pollution Solution\Temp\TMXMapImporter\Debug\\" /Fd"C:\Users\Stellar\Documents\git\Pollution Solution Working v 1\Pollution Solution\Temp\TMXMapImporter\Debug\vc110.pdb" /Gd /TP /analyze- /errorReport:prompt src\tmxmi\TMXMapImporter.cpp src\tmxmi_VS\stdafx.cpp
         stdafx.cpp
         TMXMapImporter.cpp
     1>c:\users\stellar\documents\git\pollution solution working v 1\pollution solution\tmxmapimporter\src\tmxmi\tmxmapimporter.cpp(3): warning C4067: unexpected tokens following preprocessor directive - expected a newline
     1>c:\users\stellar\documents\git\pollution solution working v 1\pollution solution\tmxmapimporter\src\tmxmi\tmxmapimporter.cpp(4): warning C4067: unexpected tokens following preprocessor directive - expected a newline
         Generating Code...
=======
﻿Build started 4/27/2014 8:13:34 PM.
     1>Project "C:\Users\Rhododendron\Documents\GitHub\green\Pollution Solution Working v 1\Pollution Solution\TMXMapImporter\TMXMapImporter.vcxproj" on node 3 (Build target(s)).
     1>ClCompile:
         C:\Program Files (x86)\Microsoft Visual Studio 11.0\VC\bin\CL.exe /c /ZI /nologo /W3 /WX- /sdl /Od /Oy- /D WIN32 /D _DEBUG /D _LIB /D _UNICODE /D UNICODE /Gm /EHsc /RTC1 /MDd /GS /fp:precise /Zc:wchar_t /Zc:forScope /Fo"C:\Users\Rhododendron\Documents\GitHub\green\Pollution Solution Working v 1\Pollution Solution\Temp\TMXMapImporter\Debug\\" /Fd"C:\Users\Rhododendron\Documents\GitHub\green\Pollution Solution Working v 1\Pollution Solution\Temp\TMXMapImporter\Debug\vc110.pdb" /Gd /TP /analyze- /errorReport:prompt src\tmxmi\TMXMapImporter.cpp
         TMXMapImporter.cpp
     1>c:\users\rhododendron\documents\github\green\pollution solution working v 1\pollution solution\tmxmapimporter\src\tmxmi\tmxmapimporter.cpp(3): warning C4067: unexpected tokens following preprocessor directive - expected a newline
     1>c:\users\rhododendron\documents\github\green\pollution solution working v 1\pollution solution\tmxmapimporter\src\tmxmi\tmxmapimporter.cpp(4): warning C4067: unexpected tokens following preprocessor directive - expected a newline
>>>>>>> origin/master
       Lib:
         C:\Program Files (x86)\Microsoft Visual Studio 11.0\VC\bin\Lib.exe /OUT:"C:\Users\Stellar\Documents\git\Pollution Solution Working v 1\Pollution Solution\Common\TMXMapImporter.lib" /NOLOGO "C:\Users\Stellar\Documents\git\Pollution Solution Working v 1\Pollution Solution\Temp\TMXMapImporter\Debug\TMXMapImporter.obj"
         "C:\Users\Stellar\Documents\git\Pollution Solution Working v 1\Pollution Solution\Temp\TMXMapImporter\Debug\stdafx.obj"
         TMXMapImporter.vcxproj -> C:\Users\Stellar\Documents\git\Pollution Solution Working v 1\Pollution Solution\Common\TMXMapImporter.lib
     1>Done Building Project "C:\Users\Stellar\Documents\git\Pollution Solution Working v 1\Pollution Solution\TMXMapImporter\TMXMapImporter.vcxproj" (Build target(s)).

Build succeeded.

<<<<<<< HEAD
Time Elapsed 00:00:06.58
=======
Time Elapsed 00:00:26.82
>>>>>>> origin/master
