<<<<<<< HEAD
﻿Build started 4/27/2014 9:29:45 PM.
     1>Project "C:\Users\Stellar\Documents\git\Pollution Solution Working v 1\Pollution Solution\PoseurSpriteTypesImporter\PoseurSpriteTypesImporter.vcxproj" on node 4 (Build target(s)).
     1>ClCompile:
         C:\Program Files (x86)\Microsoft Visual Studio 11.0\VC\bin\CL.exe /c /ZI /nologo /W3 /WX- /sdl /Od /Oy- /D WIN32 /D _DEBUG /D _LIB /D _UNICODE /D UNICODE /Gm /EHsc /RTC1 /MDd /GS /fp:precise /Zc:wchar_t /Zc:forScope /Fo"C:\Users\Stellar\Documents\git\Pollution Solution Working v 1\Pollution Solution\Temp\PoseurSpriteTypesImporter\Debug\\" /Fd"C:\Users\Stellar\Documents\git\Pollution Solution Working v 1\Pollution Solution\Temp\PoseurSpriteTypesImporter\Debug\vc110.pdb" /Gd /TP /analyze- /errorReport:prompt src\psti\PoseurSpriteTypesImporter.cpp src\psti_VS\stdafx.cpp
         stdafx.cpp
=======
﻿Build started 4/27/2014 8:13:30 PM.
     1>Project "C:\Users\Rhododendron\Documents\GitHub\green\Pollution Solution Working v 1\Pollution Solution\PoseurSpriteTypesImporter\PoseurSpriteTypesImporter.vcxproj" on node 3 (Build target(s)).
     1>ClCompile:
         C:\Program Files (x86)\Microsoft Visual Studio 11.0\VC\bin\CL.exe /c /ZI /nologo /W3 /WX- /sdl /Od /Oy- /D WIN32 /D _DEBUG /D _LIB /D _UNICODE /D UNICODE /Gm /EHsc /RTC1 /MDd /GS /fp:precise /Zc:wchar_t /Zc:forScope /Fo"C:\Users\Rhododendron\Documents\GitHub\green\Pollution Solution Working v 1\Pollution Solution\Temp\PoseurSpriteTypesImporter\Debug\\" /Fd"C:\Users\Rhododendron\Documents\GitHub\green\Pollution Solution Working v 1\Pollution Solution\Temp\PoseurSpriteTypesImporter\Debug\vc110.pdb" /Gd /TP /analyze- /errorReport:prompt src\psti\PoseurSpriteTypesImporter.cpp
>>>>>>> origin/master
         PoseurSpriteTypesImporter.cpp
       Lib:
         C:\Program Files (x86)\Microsoft Visual Studio 11.0\VC\bin\Lib.exe /OUT:"C:\Users\Stellar\Documents\git\Pollution Solution Working v 1\Pollution Solution\Common\PoseurSpriteTypesImporter.lib" /LIBPATH:box2d_d.lib /LIBPATH:fmod_vc.lib /NOLOGO "C:\Users\Stellar\Documents\git\Pollution Solution Working v 1\Pollution Solution\Temp\PoseurSpriteTypesImporter\Debug\PoseurSpriteTypesImporter.obj"
         "C:\Users\Stellar\Documents\git\Pollution Solution Working v 1\Pollution Solution\Temp\PoseurSpriteTypesImporter\Debug\stdafx.obj"
         PoseurSpriteTypesImporter.vcxproj -> C:\Users\Stellar\Documents\git\Pollution Solution Working v 1\Pollution Solution\Common\PoseurSpriteTypesImporter.lib
     1>Done Building Project "C:\Users\Stellar\Documents\git\Pollution Solution Working v 1\Pollution Solution\PoseurSpriteTypesImporter\PoseurSpriteTypesImporter.vcxproj" (Build target(s)).

Build succeeded.

<<<<<<< HEAD
Time Elapsed 00:00:07.80
=======
Time Elapsed 00:00:29.85
>>>>>>> origin/master
