<<<<<<< HEAD
C:\USERS\JACKIE WEI\DOCUMENTS\GITHUB\GREENPLUS\POLLUTION SOLUTION WORKING V 1\POLLUTION SOLUTION\TEMP\POSEURSPRITETYPESIMPORTER\DEBUG\POSEURSPRITETYPESIMPORTER.OBJ
C:\USERS\JACKIE WEI\DOCUMENTS\GITHUB\GREENPLUS\POLLUTION SOLUTION WORKING V 1\POLLUTION SOLUTION\TEMP\POSEURSPRITETYPESIMPORTER\DEBUG\STDAFX.OBJ
C:\USERS\JACKIE WEI\DOCUMENTS\GITHUB\GREENPLUS\POLLUTION SOLUTION WORKING V 1\POLLUTION SOLUTION\TEMP\POSEURSPRITETYPESIMPORTER\DEBUG\VC110.PDB
C:\USERS\JACKIE WEI\DOCUMENTS\GITHUB\GREENPLUS\POLLUTION SOLUTION WORKING V 1\POLLUTION SOLUTION\COMMON\POSEURSPRITETYPESIMPORTER.LIB
C:\Users\Jackie Wei\Documents\GitHub\greenplus\Pollution Solution Working v 1\Pollution Solution\Temp\PoseurSpriteTypesImporter\Debug\PoseurSpriteTypesImporter.obj
C:\Users\Jackie Wei\Documents\GitHub\greenplus\Pollution Solution Working v 1\Pollution Solution\Temp\PoseurSpriteTypesImporter\Debug\stdafx.obj
C:\Users\Jackie Wei\Documents\GitHub\greenplus\Pollution Solution Working v 1\Pollution Solution\Temp\PoseurSpriteTypesImporter\Debug\cl.command.1.tlog
C:\Users\Jackie Wei\Documents\GitHub\greenplus\Pollution Solution Working v 1\Pollution Solution\Temp\PoseurSpriteTypesImporter\Debug\CL.read.1.tlog
C:\Users\Jackie Wei\Documents\GitHub\greenplus\Pollution Solution Working v 1\Pollution Solution\Temp\PoseurSpriteTypesImporter\Debug\CL.write.1.tlog
C:\Users\Jackie Wei\Documents\GitHub\greenplus\Pollution Solution Working v 1\Pollution Solution\Temp\PoseurSpriteTypesImporter\Debug\Lib-link.read.1.tlog
C:\Users\Jackie Wei\Documents\GitHub\greenplus\Pollution Solution Working v 1\Pollution Solution\Temp\PoseurSpriteTypesImporter\Debug\Lib-link.write.1.tlog
C:\Users\Jackie Wei\Documents\GitHub\greenplus\Pollution Solution Working v 1\Pollution Solution\Temp\PoseurSpriteTypesImporter\Debug\lib.command.1.tlog
C:\Users\Jackie Wei\Documents\GitHub\greenplus\Pollution Solution Working v 1\Pollution Solution\Temp\PoseurSpriteTypesImporter\Debug\vc110.idb
C:\Users\Jackie Wei\Documents\GitHub\greenplus\Pollution Solution Working v 1\Pollution Solution\Temp\PoseurSpriteTypesImporter\Debug\vc110.pdb
C:\Users\Jackie Wei\Documents\GitHub\greenplus\Pollution Solution Working v 1\Pollution Solution\Common\PoseurSpriteTypesImporter.lib
=======
C:\USERS\RHODODENDRON\DOCUMENTS\GITHUB\GREEN\POLLUTION SOLUTION\TEMP\POSEURSPRITETYPESIMPORTER\DEBUG\POSEURSPRITETYPESIMPORTER.OBJ
C:\USERS\RHODODENDRON\DOCUMENTS\GITHUB\GREEN\POLLUTION SOLUTION\TEMP\POSEURSPRITETYPESIMPORTER\DEBUG\STDAFX.OBJ
C:\USERS\RHODODENDRON\DOCUMENTS\GITHUB\GREEN\POLLUTION SOLUTION\TEMP\POSEURSPRITETYPESIMPORTER\DEBUG\VC110.PDB
C:\USERS\RHODODENDRON\DOCUMENTS\GITHUB\GREEN\POLLUTION SOLUTION WORKING V 1\POLLUTION SOLUTION\TEMP\POSEURSPRITETYPESIMPORTER\DEBUG\POSEURSPRITETYPESIMPORTER.OBJ
C:\USERS\RHODODENDRON\DOCUMENTS\GITHUB\GREEN\POLLUTION SOLUTION WORKING V 1\POLLUTION SOLUTION\TEMP\POSEURSPRITETYPESIMPORTER\DEBUG\STDAFX.OBJ
C:\USERS\RHODODENDRON\DOCUMENTS\GITHUB\GREEN\POLLUTION SOLUTION WORKING V 1\POLLUTION SOLUTION\TEMP\POSEURSPRITETYPESIMPORTER\DEBUG\VC110.PDB
C:\USERS\RHODODENDRON\DOCUMENTS\GITHUB\GREEN\POLLUTION SOLUTION\COMMON\POSEURSPRITETYPESIMPORTER.LIB
C:\USERS\RHODODENDRON\DOCUMENTS\GITHUB\GREEN\POLLUTION SOLUTION WORKING V 1\POLLUTION SOLUTION\COMMON\POSEURSPRITETYPESIMPORTER.LIB
C:\Users\Rhododendron\Documents\GitHub\green\Pollution Solution Working v 1\Pollution Solution\Temp\PoseurSpriteTypesImporter\Debug\PoseurSpriteTypesImporter.obj
C:\Users\Rhododendron\Documents\GitHub\green\Pollution Solution Working v 1\Pollution Solution\Temp\PoseurSpriteTypesImporter\Debug\stdafx.obj
C:\Users\Rhododendron\Documents\GitHub\green\Pollution Solution Working v 1\Pollution Solution\Temp\PoseurSpriteTypesImporter\Debug\cl.command.1.tlog
C:\Users\Rhododendron\Documents\GitHub\green\Pollution Solution Working v 1\Pollution Solution\Temp\PoseurSpriteTypesImporter\Debug\CL.read.1.tlog
C:\Users\Rhododendron\Documents\GitHub\green\Pollution Solution Working v 1\Pollution Solution\Temp\PoseurSpriteTypesImporter\Debug\CL.write.1.tlog
C:\Users\Rhododendron\Documents\GitHub\green\Pollution Solution Working v 1\Pollution Solution\Temp\PoseurSpriteTypesImporter\Debug\Lib-link.read.1.tlog
C:\Users\Rhododendron\Documents\GitHub\green\Pollution Solution Working v 1\Pollution Solution\Temp\PoseurSpriteTypesImporter\Debug\Lib-link.write.1.tlog
C:\Users\Rhododendron\Documents\GitHub\green\Pollution Solution Working v 1\Pollution Solution\Temp\PoseurSpriteTypesImporter\Debug\lib.command.1.tlog
C:\Users\Rhododendron\Documents\GitHub\green\Pollution Solution Working v 1\Pollution Solution\Temp\PoseurSpriteTypesImporter\Debug\vc110.idb
C:\Users\Rhododendron\Documents\GitHub\green\Pollution Solution Working v 1\Pollution Solution\Temp\PoseurSpriteTypesImporter\Debug\vc110.pdb
C:\Users\Rhododendron\Documents\GitHub\green\Pollution Solution Working v 1\Pollution Solution\Common\PoseurSpriteTypesImporter.lib
>>>>>>> cc1c296a7d317e34e412b55cb0e32688a87d0415
