C:\USERS\RHODODENDRON\DESKTOP\SBU\CSE 380\HW2\HW2\TEMP\BUGS\DEBUG\BUGSBUTTONEVENTHANDLER.OBJ
C:\USERS\RHODODENDRON\DESKTOP\SBU\CSE 380\HW2\HW2\TEMP\BUGS\DEBUG\BUGSCOLLISIONLISTENER.OBJ
C:\USERS\RHODODENDRON\DESKTOP\SBU\CSE 380\HW2\HW2\TEMP\BUGS\DEBUG\BUGSDATALOADER.OBJ
C:\USERS\RHODODENDRON\DESKTOP\SBU\CSE 380\HW2\HW2\TEMP\BUGS\DEBUG\BUGSGAME.OBJ
C:\USERS\RHODODENDRON\DESKTOP\SBU\CSE 380\HW2\HW2\TEMP\BUGS\DEBUG\BUGSKEYEVENTHANDLER.OBJ
C:\USERS\RHODODENDRON\DESKTOP\SBU\CSE 380\HW2\HW2\TEMP\BUGS\DEBUG\BUGSMOUSEEVENTHANDLER.OBJ
C:\USERS\RHODODENDRON\DESKTOP\SBU\CSE 380\HW2\HW2\TEMP\BUGS\DEBUG\BUGSTEXTGENERATOR.OBJ
C:\USERS\RHODODENDRON\DESKTOP\SBU\CSE 380\HW2\HW2\TEMP\BUGS\DEBUG\STDAFX.OBJ
C:\USERS\RHODODENDRON\DESKTOP\SBU\CSE 380\HW2\HW2\TEMP\BUGS\DEBUG\VC110.PDB
C:\USERS\RHODODENDRON\DESKTOP\SBU\CSE 380\HW2\HW2\APPS\BUGS\BUGS.ILK
C:\USERS\RHODODENDRON\DESKTOP\SBU\CSE 380\HW2\HW2\APPS\BUGS\BUGS.EXE
C:\USERS\RHODODENDRON\DESKTOP\SBU\CSE 380\HW2\HW2\APPS\BUGS\BUGS.PDB
C:\Users\Rhododendron\Desktop\SBU\CSE 380\HW2\HW2\Temp\Bugs\Debug\BugsButtonEventHandler.obj
C:\Users\Rhododendron\Desktop\SBU\CSE 380\HW2\HW2\Temp\Bugs\Debug\BugsCollisionListener.obj
C:\Users\Rhododendron\Desktop\SBU\CSE 380\HW2\HW2\Temp\Bugs\Debug\BugsDataLoader.obj
C:\Users\Rhododendron\Desktop\SBU\CSE 380\HW2\HW2\Temp\Bugs\Debug\BugsGame.obj
C:\Users\Rhododendron\Desktop\SBU\CSE 380\HW2\HW2\Temp\Bugs\Debug\BugsKeyEventHandler.obj
C:\Users\Rhododendron\Desktop\SBU\CSE 380\HW2\HW2\Temp\Bugs\Debug\BugsMouseEventHandler.obj
C:\Users\Rhododendron\Desktop\SBU\CSE 380\HW2\HW2\Temp\Bugs\Debug\BugsTextGenerator.obj
C:\Users\Rhododendron\Desktop\SBU\CSE 380\HW2\HW2\Temp\Bugs\Debug\stdafx.obj
C:\Users\Rhododendron\Desktop\SBU\CSE 380\HW2\HW2\Temp\Bugs\Debug\cl.command.1.tlog
C:\Users\Rhododendron\Desktop\SBU\CSE 380\HW2\HW2\Temp\Bugs\Debug\CL.read.1.tlog
C:\Users\Rhododendron\Desktop\SBU\CSE 380\HW2\HW2\Temp\Bugs\Debug\CL.write.1.tlog
C:\Users\Rhododendron\Desktop\SBU\CSE 380\HW2\HW2\Temp\Bugs\Debug\link-cvtres.read.1.tlog
C:\Users\Rhododendron\Desktop\SBU\CSE 380\HW2\HW2\Temp\Bugs\Debug\link-cvtres.write.1.tlog
C:\Users\Rhododendron\Desktop\SBU\CSE 380\HW2\HW2\Temp\Bugs\Debug\link-rc.read.1.tlog
C:\Users\Rhododendron\Desktop\SBU\CSE 380\HW2\HW2\Temp\Bugs\Debug\link-rc.write.1.tlog
C:\Users\Rhododendron\Desktop\SBU\CSE 380\HW2\HW2\Temp\Bugs\Debug\link.14168-cvtres.read.1.tlog
C:\Users\Rhododendron\Desktop\SBU\CSE 380\HW2\HW2\Temp\Bugs\Debug\link.14168-cvtres.write.1.tlog
C:\Users\Rhododendron\Desktop\SBU\CSE 380\HW2\HW2\Temp\Bugs\Debug\link.14168-rc.read.1.tlog
C:\Users\Rhododendron\Desktop\SBU\CSE 380\HW2\HW2\Temp\Bugs\Debug\link.14168-rc.write.1.tlog
C:\Users\Rhododendron\Desktop\SBU\CSE 380\HW2\HW2\Temp\Bugs\Debug\link.14168.read.1.tlog
C:\Users\Rhododendron\Desktop\SBU\CSE 380\HW2\HW2\Temp\Bugs\Debug\link.14168.read.2.tlog
C:\Users\Rhododendron\Desktop\SBU\CSE 380\HW2\HW2\Temp\Bugs\Debug\link.14168.write.1.tlog
C:\Users\Rhododendron\Desktop\SBU\CSE 380\HW2\HW2\Temp\Bugs\Debug\link.command.1.tlog
C:\Users\Rhododendron\Desktop\SBU\CSE 380\HW2\HW2\Temp\Bugs\Debug\link.read.1.tlog
C:\Users\Rhododendron\Desktop\SBU\CSE 380\HW2\HW2\Temp\Bugs\Debug\link.write.1.tlog
C:\Users\Rhododendron\Desktop\SBU\CSE 380\HW2\HW2\Temp\Bugs\Debug\vc110.idb
C:\Users\Rhododendron\Desktop\SBU\CSE 380\HW2\HW2\Temp\Bugs\Debug\vc110.pdb
C:\Users\Rhododendron\Desktop\SBU\CSE 380\HW2\HW2\Apps\Bugs\Bugs.pdb
C:\Users\Rhododendron\Desktop\SBU\CSE 380\HW2\HW2\Apps\Bugs\Bugs.exe
C:\Users\Rhododendron\Desktop\SBU\CSE 380\HW2\HW2\Apps\Bugs\Bugs.ilk
