C:\USERS\JACKIE WEI\DESKTOP\POLLUTION SOLUTION WORKING V 1\POLLUTION SOLUTION\BOX2D\BUILD\VS2013\OBJ\X32\DEBUG\BOX2D\B2CHAINANDPOLYGONCONTACT.OBJ
C:\USERS\JACKIE WEI\DESKTOP\POLLUTION SOLUTION WORKING V 1\POLLUTION SOLUTION\BOX2D\BUILD\VS2013\OBJ\X32\DEBUG\BOX2D\B2CIRCLECONTACT.OBJ
C:\USERS\JACKIE WEI\DESKTOP\POLLUTION SOLUTION WORKING V 1\POLLUTION SOLUTION\BOX2D\BUILD\VS2013\OBJ\X32\DEBUG\BOX2D\B2CONTACT.OBJ
C:\USERS\JACKIE WEI\DESKTOP\POLLUTION SOLUTION WORKING V 1\POLLUTION SOLUTION\BOX2D\BUILD\VS2013\OBJ\X32\DEBUG\BOX2D\B2CONTACTSOLVER.OBJ
C:\USERS\JACKIE WEI\DESKTOP\POLLUTION SOLUTION WORKING V 1\POLLUTION SOLUTION\BOX2D\BUILD\VS2013\OBJ\X32\DEBUG\BOX2D\B2EDGEANDCIRCLECONTACT.OBJ
C:\USERS\JACKIE WEI\DESKTOP\POLLUTION SOLUTION WORKING V 1\POLLUTION SOLUTION\BOX2D\BUILD\VS2013\OBJ\X32\DEBUG\BOX2D\B2EDGEANDPOLYGONCONTACT.OBJ
C:\USERS\JACKIE WEI\DESKTOP\POLLUTION SOLUTION WORKING V 1\POLLUTION SOLUTION\BOX2D\BUILD\VS2013\OBJ\X32\DEBUG\BOX2D\B2POLYGONANDCIRCLECONTACT.OBJ
C:\USERS\JACKIE WEI\DESKTOP\POLLUTION SOLUTION WORKING V 1\POLLUTION SOLUTION\BOX2D\BUILD\VS2013\OBJ\X32\DEBUG\BOX2D\B2POLYGONCONTACT.OBJ
C:\USERS\JACKIE WEI\DESKTOP\POLLUTION SOLUTION WORKING V 1\POLLUTION SOLUTION\BOX2D\BUILD\VS2013\OBJ\X32\DEBUG\BOX2D\B2DISTANCEJOINT.OBJ
C:\USERS\JACKIE WEI\DESKTOP\POLLUTION SOLUTION WORKING V 1\POLLUTION SOLUTION\BOX2D\BUILD\VS2013\OBJ\X32\DEBUG\BOX2D\B2FRICTIONJOINT.OBJ
C:\USERS\JACKIE WEI\DESKTOP\POLLUTION SOLUTION WORKING V 1\POLLUTION SOLUTION\BOX2D\BUILD\VS2013\OBJ\X32\DEBUG\BOX2D\B2GEARJOINT.OBJ
C:\USERS\JACKIE WEI\DESKTOP\POLLUTION SOLUTION WORKING V 1\POLLUTION SOLUTION\BOX2D\BUILD\VS2013\OBJ\X32\DEBUG\BOX2D\B2JOINT.OBJ
C:\USERS\JACKIE WEI\DESKTOP\POLLUTION SOLUTION WORKING V 1\POLLUTION SOLUTION\BOX2D\BUILD\VS2013\OBJ\X32\DEBUG\BOX2D\B2MOTORJOINT.OBJ
C:\USERS\JACKIE WEI\DESKTOP\POLLUTION SOLUTION WORKING V 1\POLLUTION SOLUTION\BOX2D\BUILD\VS2013\OBJ\X32\DEBUG\BOX2D\B2MOUSEJOINT.OBJ
C:\USERS\JACKIE WEI\DESKTOP\POLLUTION SOLUTION WORKING V 1\POLLUTION SOLUTION\BOX2D\BUILD\VS2013\OBJ\X32\DEBUG\BOX2D\B2PRISMATICJOINT.OBJ
C:\USERS\JACKIE WEI\DESKTOP\POLLUTION SOLUTION WORKING V 1\POLLUTION SOLUTION\BOX2D\BUILD\VS2013\OBJ\X32\DEBUG\BOX2D\B2PULLEYJOINT.OBJ
C:\USERS\JACKIE WEI\DESKTOP\POLLUTION SOLUTION WORKING V 1\POLLUTION SOLUTION\BOX2D\BUILD\VS2013\OBJ\X32\DEBUG\BOX2D\B2REVOLUTEJOINT.OBJ
C:\USERS\JACKIE WEI\DESKTOP\POLLUTION SOLUTION WORKING V 1\POLLUTION SOLUTION\BOX2D\BUILD\VS2013\OBJ\X32\DEBUG\BOX2D\B2ROPEJOINT.OBJ
C:\USERS\JACKIE WEI\DESKTOP\POLLUTION SOLUTION WORKING V 1\POLLUTION SOLUTION\BOX2D\BUILD\VS2013\OBJ\X32\DEBUG\BOX2D\B2WELDJOINT.OBJ
C:\USERS\JACKIE WEI\DESKTOP\POLLUTION SOLUTION WORKING V 1\POLLUTION SOLUTION\BOX2D\BUILD\VS2013\OBJ\X32\DEBUG\BOX2D\B2WHEELJOINT.OBJ
C:\USERS\JACKIE WEI\DESKTOP\POLLUTION SOLUTION WORKING V 1\POLLUTION SOLUTION\BOX2D\BUILD\VS2013\OBJ\X32\DEBUG\BOX2D\B2DISTANCE.OBJ
C:\USERS\JACKIE WEI\DESKTOP\POLLUTION SOLUTION WORKING V 1\POLLUTION SOLUTION\BOX2D\BUILD\VS2013\OBJ\X32\DEBUG\BOX2D\B2DYNAMICTREE.OBJ
C:\USERS\JACKIE WEI\DESKTOP\POLLUTION SOLUTION WORKING V 1\POLLUTION SOLUTION\BOX2D\BUILD\VS2013\OBJ\X32\DEBUG\BOX2D\B2TIMEOFIMPACT.OBJ
C:\USERS\JACKIE WEI\DESKTOP\POLLUTION SOLUTION WORKING V 1\POLLUTION SOLUTION\BOX2D\BUILD\VS2013\OBJ\X32\DEBUG\BOX2D\B2CHAINSHAPE.OBJ
C:\USERS\JACKIE WEI\DESKTOP\POLLUTION SOLUTION WORKING V 1\POLLUTION SOLUTION\BOX2D\BUILD\VS2013\OBJ\X32\DEBUG\BOX2D\B2CIRCLESHAPE.OBJ
C:\USERS\JACKIE WEI\DESKTOP\POLLUTION SOLUTION WORKING V 1\POLLUTION SOLUTION\BOX2D\BUILD\VS2013\OBJ\X32\DEBUG\BOX2D\B2EDGESHAPE.OBJ
C:\USERS\JACKIE WEI\DESKTOP\POLLUTION SOLUTION WORKING V 1\POLLUTION SOLUTION\BOX2D\BUILD\VS2013\OBJ\X32\DEBUG\BOX2D\B2POLYGONSHAPE.OBJ
C:\USERS\JACKIE WEI\DESKTOP\POLLUTION SOLUTION WORKING V 1\POLLUTION SOLUTION\BOX2D\BUILD\VS2013\OBJ\X32\DEBUG\BOX2D\B2BLOCKALLOCATOR.OBJ
C:\USERS\JACKIE WEI\DESKTOP\POLLUTION SOLUTION WORKING V 1\POLLUTION SOLUTION\BOX2D\BUILD\VS2013\OBJ\X32\DEBUG\BOX2D\B2DRAW.OBJ
C:\USERS\JACKIE WEI\DESKTOP\POLLUTION SOLUTION WORKING V 1\POLLUTION SOLUTION\BOX2D\BUILD\VS2013\OBJ\X32\DEBUG\BOX2D\B2MATH.OBJ
C:\USERS\JACKIE WEI\DESKTOP\POLLUTION SOLUTION WORKING V 1\POLLUTION SOLUTION\BOX2D\BUILD\VS2013\OBJ\X32\DEBUG\BOX2D\B2SETTINGS.OBJ
C:\USERS\JACKIE WEI\DESKTOP\POLLUTION SOLUTION WORKING V 1\POLLUTION SOLUTION\BOX2D\BUILD\VS2013\OBJ\X32\DEBUG\BOX2D\B2STACKALLOCATOR.OBJ
C:\USERS\JACKIE WEI\DESKTOP\POLLUTION SOLUTION WORKING V 1\POLLUTION SOLUTION\BOX2D\BUILD\VS2013\OBJ\X32\DEBUG\BOX2D\B2TIMER.OBJ
C:\USERS\JACKIE WEI\DESKTOP\POLLUTION SOLUTION WORKING V 1\POLLUTION SOLUTION\BOX2D\BUILD\VS2013\OBJ\X32\DEBUG\BOX2D\B2BODY.OBJ
C:\USERS\JACKIE WEI\DESKTOP\POLLUTION SOLUTION WORKING V 1\POLLUTION SOLUTION\BOX2D\BUILD\VS2013\OBJ\X32\DEBUG\BOX2D\B2CONTACTMANAGER.OBJ
C:\USERS\JACKIE WEI\DESKTOP\POLLUTION SOLUTION WORKING V 1\POLLUTION SOLUTION\BOX2D\BUILD\VS2013\OBJ\X32\DEBUG\BOX2D\B2FIXTURE.OBJ
C:\USERS\JACKIE WEI\DESKTOP\POLLUTION SOLUTION WORKING V 1\POLLUTION SOLUTION\BOX2D\BUILD\VS2013\OBJ\X32\DEBUG\BOX2D\B2ISLAND.OBJ
C:\USERS\JACKIE WEI\DESKTOP\POLLUTION SOLUTION WORKING V 1\POLLUTION SOLUTION\BOX2D\BUILD\VS2013\OBJ\X32\DEBUG\BOX2D\B2WORLD.OBJ
C:\USERS\JACKIE WEI\DESKTOP\POLLUTION SOLUTION WORKING V 1\POLLUTION SOLUTION\BOX2D\BUILD\VS2013\OBJ\X32\DEBUG\BOX2D\B2WORLDCALLBACKS.OBJ
C:\USERS\JACKIE WEI\DESKTOP\POLLUTION SOLUTION WORKING V 1\POLLUTION SOLUTION\BOX2D\BUILD\VS2013\OBJ\X32\DEBUG\BOX2D\B2CHAINANDCIRCLECONTACT.OBJ
C:\USERS\JACKIE WEI\DESKTOP\POLLUTION SOLUTION WORKING V 1\POLLUTION SOLUTION\BOX2D\BUILD\VS2013\OBJ\X32\DEBUG\BOX2D\B2BROADPHASE.OBJ
C:\USERS\JACKIE WEI\DESKTOP\POLLUTION SOLUTION WORKING V 1\POLLUTION SOLUTION\BOX2D\BUILD\VS2013\OBJ\X32\DEBUG\BOX2D\B2COLLIDECIRCLE.OBJ
C:\USERS\JACKIE WEI\DESKTOP\POLLUTION SOLUTION WORKING V 1\POLLUTION SOLUTION\BOX2D\BUILD\VS2013\OBJ\X32\DEBUG\BOX2D\B2COLLIDEEDGE.OBJ
C:\USERS\JACKIE WEI\DESKTOP\POLLUTION SOLUTION WORKING V 1\POLLUTION SOLUTION\BOX2D\BUILD\VS2013\OBJ\X32\DEBUG\BOX2D\B2COLLIDEPOLYGON.OBJ
C:\USERS\JACKIE WEI\DESKTOP\POLLUTION SOLUTION WORKING V 1\POLLUTION SOLUTION\BOX2D\BUILD\VS2013\OBJ\X32\DEBUG\BOX2D\B2COLLISION.OBJ
C:\USERS\JACKIE WEI\DESKTOP\POLLUTION SOLUTION WORKING V 1\POLLUTION SOLUTION\BOX2D\BUILD\VS2013\BIN\X32\DEBUG\BOX2D.PDB
C:\USERS\JACKIE WEI\DESKTOP\POLLUTION SOLUTION WORKING V 1\POLLUTION SOLUTION\BOX2D\BUILD\VS2013\BIN\X32\DEBUG\BOX2D.LIB
C:\Users\Jackie Wei\Desktop\Pollution Solution Working v 1\Pollution Solution\Box2D\Build\vs2013\obj\x32\Debug\Box2D\b2BlockAllocator.obj
C:\Users\Jackie Wei\Desktop\Pollution Solution Working v 1\Pollution Solution\Box2D\Build\vs2013\obj\x32\Debug\Box2D\b2Body.obj
C:\Users\Jackie Wei\Desktop\Pollution Solution Working v 1\Pollution Solution\Box2D\Build\vs2013\obj\x32\Debug\Box2D\b2BroadPhase.obj
C:\Users\Jackie Wei\Desktop\Pollution Solution Working v 1\Pollution Solution\Box2D\Build\vs2013\obj\x32\Debug\Box2D\b2ChainAndCircleContact.obj
C:\Users\Jackie Wei\Desktop\Pollution Solution Working v 1\Pollution Solution\Box2D\Build\vs2013\obj\x32\Debug\Box2D\b2ChainAndPolygonContact.obj
C:\Users\Jackie Wei\Desktop\Pollution Solution Working v 1\Pollution Solution\Box2D\Build\vs2013\obj\x32\Debug\Box2D\b2ChainShape.obj
C:\Users\Jackie Wei\Desktop\Pollution Solution Working v 1\Pollution Solution\Box2D\Build\vs2013\obj\x32\Debug\Box2D\b2CircleContact.obj
C:\Users\Jackie Wei\Desktop\Pollution Solution Working v 1\Pollution Solution\Box2D\Build\vs2013\obj\x32\Debug\Box2D\b2CircleShape.obj
C:\Users\Jackie Wei\Desktop\Pollution Solution Working v 1\Pollution Solution\Box2D\Build\vs2013\obj\x32\Debug\Box2D\b2CollideCircle.obj
C:\Users\Jackie Wei\Desktop\Pollution Solution Working v 1\Pollution Solution\Box2D\Build\vs2013\obj\x32\Debug\Box2D\b2CollideEdge.obj
C:\Users\Jackie Wei\Desktop\Pollution Solution Working v 1\Pollution Solution\Box2D\Build\vs2013\obj\x32\Debug\Box2D\b2CollidePolygon.obj
C:\Users\Jackie Wei\Desktop\Pollution Solution Working v 1\Pollution Solution\Box2D\Build\vs2013\obj\x32\Debug\Box2D\b2Collision.obj
C:\Users\Jackie Wei\Desktop\Pollution Solution Working v 1\Pollution Solution\Box2D\Build\vs2013\obj\x32\Debug\Box2D\b2Contact.obj
C:\Users\Jackie Wei\Desktop\Pollution Solution Working v 1\Pollution Solution\Box2D\Build\vs2013\obj\x32\Debug\Box2D\b2ContactManager.obj
C:\Users\Jackie Wei\Desktop\Pollution Solution Working v 1\Pollution Solution\Box2D\Build\vs2013\obj\x32\Debug\Box2D\b2ContactSolver.obj
C:\Users\Jackie Wei\Desktop\Pollution Solution Working v 1\Pollution Solution\Box2D\Build\vs2013\obj\x32\Debug\Box2D\b2Distance.obj
C:\Users\Jackie Wei\Desktop\Pollution Solution Working v 1\Pollution Solution\Box2D\Build\vs2013\obj\x32\Debug\Box2D\b2DistanceJoint.obj
C:\Users\Jackie Wei\Desktop\Pollution Solution Working v 1\Pollution Solution\Box2D\Build\vs2013\obj\x32\Debug\Box2D\b2Draw.obj
C:\Users\Jackie Wei\Desktop\Pollution Solution Working v 1\Pollution Solution\Box2D\Build\vs2013\obj\x32\Debug\Box2D\b2DynamicTree.obj
C:\Users\Jackie Wei\Desktop\Pollution Solution Working v 1\Pollution Solution\Box2D\Build\vs2013\obj\x32\Debug\Box2D\b2EdgeAndCircleContact.obj
C:\Users\Jackie Wei\Desktop\Pollution Solution Working v 1\Pollution Solution\Box2D\Build\vs2013\obj\x32\Debug\Box2D\b2EdgeAndPolygonContact.obj
C:\Users\Jackie Wei\Desktop\Pollution Solution Working v 1\Pollution Solution\Box2D\Build\vs2013\obj\x32\Debug\Box2D\b2EdgeShape.obj
C:\Users\Jackie Wei\Desktop\Pollution Solution Working v 1\Pollution Solution\Box2D\Build\vs2013\obj\x32\Debug\Box2D\b2Fixture.obj
C:\Users\Jackie Wei\Desktop\Pollution Solution Working v 1\Pollution Solution\Box2D\Build\vs2013\obj\x32\Debug\Box2D\b2FrictionJoint.obj
C:\Users\Jackie Wei\Desktop\Pollution Solution Working v 1\Pollution Solution\Box2D\Build\vs2013\obj\x32\Debug\Box2D\b2GearJoint.obj
C:\Users\Jackie Wei\Desktop\Pollution Solution Working v 1\Pollution Solution\Box2D\Build\vs2013\obj\x32\Debug\Box2D\b2Island.obj
C:\Users\Jackie Wei\Desktop\Pollution Solution Working v 1\Pollution Solution\Box2D\Build\vs2013\obj\x32\Debug\Box2D\b2Joint.obj
C:\Users\Jackie Wei\Desktop\Pollution Solution Working v 1\Pollution Solution\Box2D\Build\vs2013\obj\x32\Debug\Box2D\b2Math.obj
C:\Users\Jackie Wei\Desktop\Pollution Solution Working v 1\Pollution Solution\Box2D\Build\vs2013\obj\x32\Debug\Box2D\b2MotorJoint.obj
C:\Users\Jackie Wei\Desktop\Pollution Solution Working v 1\Pollution Solution\Box2D\Build\vs2013\obj\x32\Debug\Box2D\b2MouseJoint.obj
C:\Users\Jackie Wei\Desktop\Pollution Solution Working v 1\Pollution Solution\Box2D\Build\vs2013\obj\x32\Debug\Box2D\b2PolygonAndCircleContact.obj
C:\Users\Jackie Wei\Desktop\Pollution Solution Working v 1\Pollution Solution\Box2D\Build\vs2013\obj\x32\Debug\Box2D\b2PolygonContact.obj
C:\Users\Jackie Wei\Desktop\Pollution Solution Working v 1\Pollution Solution\Box2D\Build\vs2013\obj\x32\Debug\Box2D\b2PolygonShape.obj
C:\Users\Jackie Wei\Desktop\Pollution Solution Working v 1\Pollution Solution\Box2D\Build\vs2013\obj\x32\Debug\Box2D\b2PrismaticJoint.obj
C:\Users\Jackie Wei\Desktop\Pollution Solution Working v 1\Pollution Solution\Box2D\Build\vs2013\obj\x32\Debug\Box2D\b2PulleyJoint.obj
C:\Users\Jackie Wei\Desktop\Pollution Solution Working v 1\Pollution Solution\Box2D\Build\vs2013\obj\x32\Debug\Box2D\b2RevoluteJoint.obj
C:\Users\Jackie Wei\Desktop\Pollution Solution Working v 1\Pollution Solution\Box2D\Build\vs2013\obj\x32\Debug\Box2D\b2RopeJoint.obj
C:\Users\Jackie Wei\Desktop\Pollution Solution Working v 1\Pollution Solution\Box2D\Build\vs2013\obj\x32\Debug\Box2D\b2Settings.obj
C:\Users\Jackie Wei\Desktop\Pollution Solution Working v 1\Pollution Solution\Box2D\Build\vs2013\obj\x32\Debug\Box2D\b2StackAllocator.obj
C:\Users\Jackie Wei\Desktop\Pollution Solution Working v 1\Pollution Solution\Box2D\Build\vs2013\obj\x32\Debug\Box2D\b2TimeOfImpact.obj
C:\Users\Jackie Wei\Desktop\Pollution Solution Working v 1\Pollution Solution\Box2D\Build\vs2013\obj\x32\Debug\Box2D\b2Timer.obj
C:\Users\Jackie Wei\Desktop\Pollution Solution Working v 1\Pollution Solution\Box2D\Build\vs2013\obj\x32\Debug\Box2D\b2WeldJoint.obj
C:\Users\Jackie Wei\Desktop\Pollution Solution Working v 1\Pollution Solution\Box2D\Build\vs2013\obj\x32\Debug\Box2D\b2WheelJoint.obj
C:\Users\Jackie Wei\Desktop\Pollution Solution Working v 1\Pollution Solution\Box2D\Build\vs2013\obj\x32\Debug\Box2D\b2World.obj
C:\Users\Jackie Wei\Desktop\Pollution Solution Working v 1\Pollution Solution\Box2D\Build\vs2013\obj\x32\Debug\Box2D\b2WorldCallbacks.obj
C:\Users\Jackie Wei\Desktop\Pollution Solution Working v 1\Pollution Solution\Box2D\Build\vs2013\obj\x32\Debug\Box2D\cl.command.1.tlog
C:\Users\Jackie Wei\Desktop\Pollution Solution Working v 1\Pollution Solution\Box2D\Build\vs2013\obj\x32\Debug\Box2D\CL.read.1.tlog
C:\Users\Jackie Wei\Desktop\Pollution Solution Working v 1\Pollution Solution\Box2D\Build\vs2013\obj\x32\Debug\Box2D\CL.write.1.tlog
C:\Users\Jackie Wei\Desktop\Pollution Solution Working v 1\Pollution Solution\Box2D\Build\vs2013\obj\x32\Debug\Box2D\Lib-link.read.1.tlog
C:\Users\Jackie Wei\Desktop\Pollution Solution Working v 1\Pollution Solution\Box2D\Build\vs2013\obj\x32\Debug\Box2D\Lib-link.write.1.tlog
C:\Users\Jackie Wei\Desktop\Pollution Solution Working v 1\Pollution Solution\Box2D\Build\vs2013\obj\x32\Debug\Box2D\lib.command.1.tlog
C:\Users\Jackie Wei\Desktop\Pollution Solution Working v 1\Pollution Solution\Box2D\Build\vs2013\bin\x32\Debug\Box2D.lib
