C:\USERS\RHODODENDRON\DESKTOP\SBU\CSE 380\HW 2\HW2\TEMP\BUGS\DEBUG\BUGSBUTTONEVENTHANDLER.OBJ
C:\USERS\RHODODENDRON\DESKTOP\SBU\CSE 380\HW 2\HW2\TEMP\BUGS\DEBUG\BUGSCOLLISIONLISTENER.OBJ
C:\USERS\RHODODENDRON\DESKTOP\SBU\CSE 380\HW 2\HW2\TEMP\BUGS\DEBUG\BUGSDATALOADER.OBJ
C:\USERS\RHODODENDRON\DESKTOP\SBU\CSE 380\HW 2\HW2\TEMP\BUGS\DEBUG\BUGSGAME.OBJ
C:\USERS\RHODODENDRON\DESKTOP\SBU\CSE 380\HW 2\HW2\TEMP\BUGS\DEBUG\BUGSKEYEVENTHANDLER.OBJ
C:\USERS\RHODODENDRON\DESKTOP\SBU\CSE 380\HW 2\HW2\TEMP\BUGS\DEBUG\BUGSMOUSEEVENTHANDLER.OBJ
C:\USERS\RHODODENDRON\DESKTOP\SBU\CSE 380\HW 2\HW2\TEMP\BUGS\DEBUG\BUGSTEXTGENERATOR.OBJ
C:\USERS\RHODODENDRON\DESKTOP\SBU\CSE 380\HW 2\HW2\TEMP\BUGS\DEBUG\STDAFX.OBJ
C:\USERS\RHODODENDRON\DESKTOP\SBU\CSE 380\HW 2\HW2\TEMP\BUGS\DEBUG\VC110.PDB
C:\USERS\RHODODENDRON\DOCUMENTS\GITHUB\GREEN\POLLUTION SOLUTION\TEMP\BUGS\DEBUG\BUGSBUTTONEVENTHANDLER.OBJ
C:\USERS\RHODODENDRON\DOCUMENTS\GITHUB\GREEN\POLLUTION SOLUTION\TEMP\BUGS\DEBUG\BUGSCOLLISIONLISTENER.OBJ
C:\USERS\RHODODENDRON\DOCUMENTS\GITHUB\GREEN\POLLUTION SOLUTION\TEMP\BUGS\DEBUG\BUGSGAME.OBJ
C:\USERS\RHODODENDRON\DOCUMENTS\GITHUB\GREEN\POLLUTION SOLUTION\TEMP\BUGS\DEBUG\BUGSKEYEVENTHANDLER.OBJ
C:\USERS\RHODODENDRON\DOCUMENTS\GITHUB\GREEN\POLLUTION SOLUTION\TEMP\BUGS\DEBUG\BUGSMOUSEEVENTHANDLER.OBJ
C:\USERS\RHODODENDRON\DOCUMENTS\GITHUB\GREEN\POLLUTION SOLUTION\TEMP\BUGS\DEBUG\BUGSTEXTGENERATOR.OBJ
C:\USERS\RHODODENDRON\DOCUMENTS\GITHUB\GREEN\POLLUTION SOLUTION\TEMP\BUGS\DEBUG\STDAFX.OBJ
C:\USERS\RHODODENDRON\DOCUMENTS\GITHUB\GREEN\POLLUTION SOLUTION\TEMP\BUGS\DEBUG\VC110.PDB
C:\USERS\RHODODENDRON\DESKTOP\SBU\CSE 380\HW 2\HW2\APPS\BUGS\BUGS.ILK
C:\USERS\RHODODENDRON\DESKTOP\SBU\CSE 380\HW 2\HW2\APPS\BUGS\BUGS.EXE
C:\USERS\RHODODENDRON\DESKTOP\SBU\CSE 380\HW 2\HW2\APPS\BUGS\BUGS.PDB
C:\Users\Rhododendron\Documents\GitHub\green\Pollution Solution\Temp\Bugs\Debug\BugsButtonEventHandler.obj
C:\Users\Rhododendron\Documents\GitHub\green\Pollution Solution\Temp\Bugs\Debug\BugsCollisionListener.obj
C:\Users\Rhododendron\Documents\GitHub\green\Pollution Solution\Temp\Bugs\Debug\BugsGame.obj
C:\Users\Rhododendron\Documents\GitHub\green\Pollution Solution\Temp\Bugs\Debug\BugsKeyEventHandler.obj
C:\Users\Rhododendron\Documents\GitHub\green\Pollution Solution\Temp\Bugs\Debug\BugsMouseEventHandler.obj
C:\Users\Rhododendron\Documents\GitHub\green\Pollution Solution\Temp\Bugs\Debug\BugsTextGenerator.obj
C:\Users\Rhododendron\Documents\GitHub\green\Pollution Solution\Temp\Bugs\Debug\stdafx.obj
C:\Users\Rhododendron\Documents\GitHub\green\Pollution Solution\Temp\Bugs\Debug\cl.command.1.tlog
C:\Users\Rhododendron\Documents\GitHub\green\Pollution Solution\Temp\Bugs\Debug\CL.read.1.tlog
C:\Users\Rhododendron\Documents\GitHub\green\Pollution Solution\Temp\Bugs\Debug\CL.write.1.tlog
C:\Users\Rhododendron\Documents\GitHub\green\Pollution Solution\Temp\Bugs\Debug\link-cvtres.read.1.tlog
C:\Users\Rhododendron\Documents\GitHub\green\Pollution Solution\Temp\Bugs\Debug\link-cvtres.write.1.tlog
C:\Users\Rhododendron\Documents\GitHub\green\Pollution Solution\Temp\Bugs\Debug\link-rc.read.1.tlog
C:\Users\Rhododendron\Documents\GitHub\green\Pollution Solution\Temp\Bugs\Debug\link-rc.write.1.tlog
C:\Users\Rhododendron\Documents\GitHub\green\Pollution Solution\Temp\Bugs\Debug\link.command.1.tlog
C:\Users\Rhododendron\Documents\GitHub\green\Pollution Solution\Temp\Bugs\Debug\link.read.1.tlog
C:\Users\Rhododendron\Documents\GitHub\green\Pollution Solution\Temp\Bugs\Debug\link.write.1.tlog
C:\Users\Rhododendron\Documents\GitHub\green\Pollution Solution\Temp\Bugs\Debug\vc110.idb
C:\Users\Rhododendron\Documents\GitHub\green\Pollution Solution\Temp\Bugs\Debug\vc110.pdb
C:\Users\Rhododendron\Documents\GitHub\green\Pollution Solution\Apps\Bugs\Bugs.pdb
C:\Users\Rhododendron\Documents\GitHub\green\Pollution Solution\Apps\Bugs\Bugs.exe
C:\Users\Rhododendron\Documents\GitHub\green\Pollution Solution\Apps\Bugs\Bugs.ilk
