Build started 3/11/2014 4:41:46 PM.
     1>Project "C:\Users\Rhododendron\Desktop\SBU\CSE 380\HW 2\HW2\tinyxml\tinyxml.vcxproj" on node 5 (Build target(s)).
     1>ClCompile:
         C:\Program Files (x86)\Microsoft Visual Studio 11.0\VC\bin\CL.exe /c /ZI /nologo /W3 /WX- /sdl /Od /Oy- /D WIN32 /D _DEBUG /D _LIB /D USE_STANDARD_FILE_FUNCTIONS /D _CRT_SECURE_NO_WARNINGS /D _UNICODE /D UNICODE /Gm /EHsc /RTC1 /MDd /GS /fp:precise /Zc:wchar_t /Zc:forScope /Fo"C:\Users\Rhododendron\Desktop\SBU\CSE 380\HW 2\HW2\Temp\tinyxml\Debug\\" /Fd"C:\Users\Rhododendron\Desktop\SBU\CSE 380\HW 2\HW2\Temp\tinyxml\Debug\vc110.pdb" /Gd /TP /analyze- /errorReport:prompt src\tinyxml\tinystr.cpp src\tinyxml\tinyxml.cpp src\tinyxml\tinyxmlerror.cpp src\tinyxml\tinyxmlparser.cpp src\tinyxml\xmltest.cpp src\tinyxml_VS\stdafx.cpp
         stdafx.cpp
         xmltest.cpp
         tinyxmlparser.cpp
         tinyxmlerror.cpp
         tinyxml.cpp
         tinystr.cpp
         Generating Code...
       Lib:
         C:\Program Files (x86)\Microsoft Visual Studio 11.0\VC\bin\Lib.exe /OUT:"C:\Users\Rhododendron\Desktop\SBU\CSE 380\HW 2\HW2\Common\tinyxml.lib" /NOLOGO "C:\Users\Rhododendron\Desktop\SBU\CSE 380\HW 2\HW2\Temp\tinyxml\Debug\tinystr.obj"
         "C:\Users\Rhododendron\Desktop\SBU\CSE 380\HW 2\HW2\Temp\tinyxml\Debug\tinyxml.obj"
         "C:\Users\Rhododendron\Desktop\SBU\CSE 380\HW 2\HW2\Temp\tinyxml\Debug\tinyxmlerror.obj"
         "C:\Users\Rhododendron\Desktop\SBU\CSE 380\HW 2\HW2\Temp\tinyxml\Debug\tinyxmlparser.obj"
         "C:\Users\Rhododendron\Desktop\SBU\CSE 380\HW 2\HW2\Temp\tinyxml\Debug\xmltest.obj"
         "C:\Users\Rhododendron\Desktop\SBU\CSE 380\HW 2\HW2\Temp\tinyxml\Debug\stdafx.obj"
         tinyxml.vcxproj -> C:\Users\Rhododendron\Desktop\SBU\CSE 380\HW 2\HW2\Common\tinyxml.lib
     1>Done Building Project "C:\Users\Rhododendron\Desktop\SBU\CSE 380\HW 2\HW2\tinyxml\tinyxml.vcxproj" (Build target(s)).

Build succeeded.

Time Elapsed 00:00:13.47
