C:\USERS\RHODODENDRON\DESKTOP\SBU\CSE 380\HW2\HW2\TEMP\TINYXML\DEBUG\TINYSTR.OBJ
C:\USERS\RHODODENDRON\DESKTOP\SBU\CSE 380\HW2\HW2\TEMP\TINYXML\DEBUG\TINYXML.OBJ
C:\USERS\RHODODENDRON\DESKTOP\SBU\CSE 380\HW2\HW2\TEMP\TINYXML\DEBUG\TINYXMLERROR.OBJ
C:\USERS\RHODODENDRON\DESKTOP\SBU\CSE 380\HW2\HW2\TEMP\TINYXML\DEBUG\TINYXMLPARSER.OBJ
C:\USERS\RHODODENDRON\DESKTOP\SBU\CSE 380\HW2\HW2\TEMP\TINYXML\DEBUG\XMLTEST.OBJ
C:\USERS\RHODODENDRON\DESKTOP\SBU\CSE 380\HW2\HW2\TEMP\TINYXML\DEBUG\STDAFX.OBJ
C:\USERS\RHODODENDRON\DESKTOP\SBU\CSE 380\HW2\HW2\TEMP\TINYXML\DEBUG\VC110.PDB
C:\USERS\RHODODENDRON\DESKTOP\SBU\CSE 380\HW2\HW2\COMMON\TINYXML.LIB
C:\Users\Rhododendron\Desktop\SBU\CSE 380\HW2\HW2\Temp\tinyxml\Debug\stdafx.obj
C:\Users\Rhododendron\Desktop\SBU\CSE 380\HW2\HW2\Temp\tinyxml\Debug\tinystr.obj
C:\Users\Rhododendron\Desktop\SBU\CSE 380\HW2\HW2\Temp\tinyxml\Debug\tinyxml.obj
C:\Users\Rhododendron\Desktop\SBU\CSE 380\HW2\HW2\Temp\tinyxml\Debug\tinyxmlerror.obj
C:\Users\Rhododendron\Desktop\SBU\CSE 380\HW2\HW2\Temp\tinyxml\Debug\tinyxmlparser.obj
C:\Users\Rhododendron\Desktop\SBU\CSE 380\HW2\HW2\Temp\tinyxml\Debug\xmltest.obj
C:\Users\Rhododendron\Desktop\SBU\CSE 380\HW2\HW2\Temp\tinyxml\Debug\cl.command.1.tlog
C:\Users\Rhododendron\Desktop\SBU\CSE 380\HW2\HW2\Temp\tinyxml\Debug\CL.read.1.tlog
C:\Users\Rhododendron\Desktop\SBU\CSE 380\HW2\HW2\Temp\tinyxml\Debug\CL.write.1.tlog
C:\Users\Rhododendron\Desktop\SBU\CSE 380\HW2\HW2\Temp\tinyxml\Debug\Lib-link.read.1.tlog
C:\Users\Rhododendron\Desktop\SBU\CSE 380\HW2\HW2\Temp\tinyxml\Debug\Lib-link.write.1.tlog
C:\Users\Rhododendron\Desktop\SBU\CSE 380\HW2\HW2\Temp\tinyxml\Debug\lib.command.1.tlog
C:\Users\Rhododendron\Desktop\SBU\CSE 380\HW2\HW2\Temp\tinyxml\Debug\vc110.idb
C:\Users\Rhododendron\Desktop\SBU\CSE 380\HW2\HW2\Temp\tinyxml\Debug\vc110.pdb
C:\Users\Rhododendron\Desktop\SBU\CSE 380\HW2\HW2\Common\tinyxml.lib
