C:\USERS\JACKIE WEI\DOCUMENTS\GITHUB\GREENPLUS\POLLUTION SOLUTION WORKING V 1\POLLUTION SOLUTION\TEMP\SIMPLESIDESCROLLERFRAMEWORK\DEBUG\TOPDOWNSPRITE.OBJ
C:\USERS\JACKIE WEI\DOCUMENTS\GITHUB\GREENPLUS\POLLUTION SOLUTION WORKING V 1\POLLUTION SOLUTION\TEMP\SIMPLESIDESCROLLERFRAMEWORK\DEBUG\GAMESTATEMANAGER.OBJ
C:\USERS\JACKIE WEI\DOCUMENTS\GITHUB\GREENPLUS\POLLUTION SOLUTION WORKING V 1\POLLUTION SOLUTION\TEMP\SIMPLESIDESCROLLERFRAMEWORK\DEBUG\SPARSELAYER.OBJ
C:\USERS\JACKIE WEI\DOCUMENTS\GITHUB\GREENPLUS\POLLUTION SOLUTION WORKING V 1\POLLUTION SOLUTION\TEMP\SIMPLESIDESCROLLERFRAMEWORK\DEBUG\TILEDLAYER.OBJ
C:\USERS\JACKIE WEI\DOCUMENTS\GITHUB\GREENPLUS\POLLUTION SOLUTION WORKING V 1\POLLUTION SOLUTION\TEMP\SIMPLESIDESCROLLERFRAMEWORK\DEBUG\WORLD.OBJ
C:\USERS\JACKIE WEI\DOCUMENTS\GITHUB\GREENPLUS\POLLUTION SOLUTION WORKING V 1\POLLUTION SOLUTION\TEMP\SIMPLESIDESCROLLERFRAMEWORK\DEBUG\BUTTON.OBJ
C:\USERS\JACKIE WEI\DOCUMENTS\GITHUB\GREENPLUS\POLLUTION SOLUTION WORKING V 1\POLLUTION SOLUTION\TEMP\SIMPLESIDESCROLLERFRAMEWORK\DEBUG\CURSOR.OBJ
C:\USERS\JACKIE WEI\DOCUMENTS\GITHUB\GREENPLUS\POLLUTION SOLUTION WORKING V 1\POLLUTION SOLUTION\TEMP\SIMPLESIDESCROLLERFRAMEWORK\DEBUG\GAMEGUI.OBJ
C:\USERS\JACKIE WEI\DOCUMENTS\GITHUB\GREENPLUS\POLLUTION SOLUTION WORKING V 1\POLLUTION SOLUTION\TEMP\SIMPLESIDESCROLLERFRAMEWORK\DEBUG\SCREENGUI.OBJ
C:\USERS\JACKIE WEI\DOCUMENTS\GITHUB\GREENPLUS\POLLUTION SOLUTION WORKING V 1\POLLUTION SOLUTION\TEMP\SIMPLESIDESCROLLERFRAMEWORK\DEBUG\VIEWPORT.OBJ
C:\USERS\JACKIE WEI\DOCUMENTS\GITHUB\GREENPLUS\POLLUTION SOLUTION WORKING V 1\POLLUTION SOLUTION\TEMP\SIMPLESIDESCROLLERFRAMEWORK\DEBUG\GAMEINPUT.OBJ
C:\USERS\JACKIE WEI\DOCUMENTS\GITHUB\GREENPLUS\POLLUTION SOLUTION WORKING V 1\POLLUTION SOLUTION\TEMP\SIMPLESIDESCROLLERFRAMEWORK\DEBUG\DIRECTXGRAPHICS.OBJ
C:\USERS\JACKIE WEI\DOCUMENTS\GITHUB\GREENPLUS\POLLUTION SOLUTION WORKING V 1\POLLUTION SOLUTION\TEMP\SIMPLESIDESCROLLERFRAMEWORK\DEBUG\DIRECTXTEXTUREMANAGER.OBJ
C:\USERS\JACKIE WEI\DOCUMENTS\GITHUB\GREENPLUS\POLLUTION SOLUTION WORKING V 1\POLLUTION SOLUTION\TEMP\SIMPLESIDESCROLLERFRAMEWORK\DEBUG\WINDOWSINPUT.OBJ
C:\USERS\JACKIE WEI\DOCUMENTS\GITHUB\GREENPLUS\POLLUTION SOLUTION WORKING V 1\POLLUTION SOLUTION\TEMP\SIMPLESIDESCROLLERFRAMEWORK\DEBUG\WINDOWSOS.OBJ
C:\USERS\JACKIE WEI\DOCUMENTS\GITHUB\GREENPLUS\POLLUTION SOLUTION WORKING V 1\POLLUTION SOLUTION\TEMP\SIMPLESIDESCROLLERFRAMEWORK\DEBUG\WINDOWSTIMER.OBJ
C:\USERS\JACKIE WEI\DOCUMENTS\GITHUB\GREENPLUS\POLLUTION SOLUTION WORKING V 1\POLLUTION SOLUTION\TEMP\SIMPLESIDESCROLLERFRAMEWORK\DEBUG\BUFFEREDTEXTFILEREADER.OBJ
C:\USERS\JACKIE WEI\DOCUMENTS\GITHUB\GREENPLUS\POLLUTION SOLUTION WORKING V 1\POLLUTION SOLUTION\TEMP\SIMPLESIDESCROLLERFRAMEWORK\DEBUG\GAMETEXT.OBJ
C:\USERS\JACKIE WEI\DOCUMENTS\GITHUB\GREENPLUS\POLLUTION SOLUTION WORKING V 1\POLLUTION SOLUTION\TEMP\SIMPLESIDESCROLLERFRAMEWORK\DEBUG\TEXTFILEWRITER.OBJ
C:\USERS\JACKIE WEI\DOCUMENTS\GITHUB\GREENPLUS\POLLUTION SOLUTION WORKING V 1\POLLUTION SOLUTION\TEMP\SIMPLESIDESCROLLERFRAMEWORK\DEBUG\STDAFX.OBJ
C:\USERS\JACKIE WEI\DOCUMENTS\GITHUB\GREENPLUS\POLLUTION SOLUTION WORKING V 1\POLLUTION SOLUTION\TEMP\SIMPLESIDESCROLLERFRAMEWORK\DEBUG\GAMEDATALOADER.OBJ
C:\USERS\JACKIE WEI\DOCUMENTS\GITHUB\GREENPLUS\POLLUTION SOLUTION WORKING V 1\POLLUTION SOLUTION\TEMP\SIMPLESIDESCROLLERFRAMEWORK\DEBUG\GAME.OBJ
C:\USERS\JACKIE WEI\DOCUMENTS\GITHUB\GREENPLUS\POLLUTION SOLUTION WORKING V 1\POLLUTION SOLUTION\TEMP\SIMPLESIDESCROLLERFRAMEWORK\DEBUG\WSTRINGTABLE.OBJ
C:\USERS\JACKIE WEI\DOCUMENTS\GITHUB\GREENPLUS\POLLUTION SOLUTION WORKING V 1\POLLUTION SOLUTION\TEMP\SIMPLESIDESCROLLERFRAMEWORK\DEBUG\GAMEGRAPHICS.OBJ
C:\USERS\JACKIE WEI\DOCUMENTS\GITHUB\GREENPLUS\POLLUTION SOLUTION WORKING V 1\POLLUTION SOLUTION\TEMP\SIMPLESIDESCROLLERFRAMEWORK\DEBUG\RENDERLIST.OBJ
C:\USERS\JACKIE WEI\DOCUMENTS\GITHUB\GREENPLUS\POLLUTION SOLUTION WORKING V 1\POLLUTION SOLUTION\TEMP\SIMPLESIDESCROLLERFRAMEWORK\DEBUG\TEXTUREMANAGER.OBJ
C:\USERS\JACKIE WEI\DOCUMENTS\GITHUB\GREENPLUS\POLLUTION SOLUTION WORKING V 1\POLLUTION SOLUTION\TEMP\SIMPLESIDESCROLLERFRAMEWORK\DEBUG\BOTRECYCLER.OBJ
C:\USERS\JACKIE WEI\DOCUMENTS\GITHUB\GREENPLUS\POLLUTION SOLUTION WORKING V 1\POLLUTION SOLUTION\TEMP\SIMPLESIDESCROLLERFRAMEWORK\DEBUG\NPC.OBJ
C:\USERS\JACKIE WEI\DOCUMENTS\GITHUB\GREENPLUS\POLLUTION SOLUTION WORKING V 1\POLLUTION SOLUTION\TEMP\SIMPLESIDESCROLLERFRAMEWORK\DEBUG\GARBAGEMON.OBJ
C:\USERS\JACKIE WEI\DOCUMENTS\GITHUB\GREENPLUS\POLLUTION SOLUTION WORKING V 1\POLLUTION SOLUTION\TEMP\SIMPLESIDESCROLLERFRAMEWORK\DEBUG\RANDOMJUMPINGBOT.OBJ
C:\USERS\JACKIE WEI\DOCUMENTS\GITHUB\GREENPLUS\POLLUTION SOLUTION WORKING V 1\POLLUTION SOLUTION\TEMP\SIMPLESIDESCROLLERFRAMEWORK\DEBUG\AABB.OBJ
C:\USERS\JACKIE WEI\DOCUMENTS\GITHUB\GREENPLUS\POLLUTION SOLUTION WORKING V 1\POLLUTION SOLUTION\TEMP\SIMPLESIDESCROLLERFRAMEWORK\DEBUG\COLLIDABLEOBJECT.OBJ
C:\USERS\JACKIE WEI\DOCUMENTS\GITHUB\GREENPLUS\POLLUTION SOLUTION WORKING V 1\POLLUTION SOLUTION\TEMP\SIMPLESIDESCROLLERFRAMEWORK\DEBUG\PHYSICS.OBJ
C:\USERS\JACKIE WEI\DOCUMENTS\GITHUB\GREENPLUS\POLLUTION SOLUTION WORKING V 1\POLLUTION SOLUTION\TEMP\SIMPLESIDESCROLLERFRAMEWORK\DEBUG\ANIMATEDSPRITE.OBJ
C:\USERS\JACKIE WEI\DOCUMENTS\GITHUB\GREENPLUS\POLLUTION SOLUTION WORKING V 1\POLLUTION SOLUTION\TEMP\SIMPLESIDESCROLLERFRAMEWORK\DEBUG\ANIMATEDSPRITETYPE.OBJ
C:\USERS\JACKIE WEI\DOCUMENTS\GITHUB\GREENPLUS\POLLUTION SOLUTION WORKING V 1\POLLUTION SOLUTION\TEMP\SIMPLESIDESCROLLERFRAMEWORK\DEBUG\SPRITEMANAGER.OBJ
C:\USERS\JACKIE WEI\DOCUMENTS\GITHUB\GREENPLUS\POLLUTION SOLUTION WORKING V 1\POLLUTION SOLUTION\TEMP\SIMPLESIDESCROLLERFRAMEWORK\DEBUG\VC110.PDB
C:\USERS\JACKIE WEI\DOCUMENTS\GITHUB\GREENPLUS\POLLUTION SOLUTION WORKING V 1\POLLUTION SOLUTION\COMMON\SIMPLESIDESCROLLERFRAMEWORK.LIB
C:\Users\Jackie Wei\Documents\GitHub\greenplus\Pollution Solution Working v 1\Pollution Solution\Temp\SimpleSideScrollerFramework\Debug\AABB.obj
C:\Users\Jackie Wei\Documents\GitHub\greenplus\Pollution Solution Working v 1\Pollution Solution\Temp\SimpleSideScrollerFramework\Debug\AnimatedSprite.obj
C:\Users\Jackie Wei\Documents\GitHub\greenplus\Pollution Solution Working v 1\Pollution Solution\Temp\SimpleSideScrollerFramework\Debug\AnimatedSpriteType.obj
C:\Users\Jackie Wei\Documents\GitHub\greenplus\Pollution Solution Working v 1\Pollution Solution\Temp\SimpleSideScrollerFramework\Debug\BotRecycler.obj
C:\Users\Jackie Wei\Documents\GitHub\greenplus\Pollution Solution Working v 1\Pollution Solution\Temp\SimpleSideScrollerFramework\Debug\BufferedTextFileReader.obj
C:\Users\Jackie Wei\Documents\GitHub\greenplus\Pollution Solution Working v 1\Pollution Solution\Temp\SimpleSideScrollerFramework\Debug\Button.obj
C:\Users\Jackie Wei\Documents\GitHub\greenplus\Pollution Solution Working v 1\Pollution Solution\Temp\SimpleSideScrollerFramework\Debug\CollidableObject.obj
C:\Users\Jackie Wei\Documents\GitHub\greenplus\Pollution Solution Working v 1\Pollution Solution\Temp\SimpleSideScrollerFramework\Debug\Cursor.obj
C:\Users\Jackie Wei\Documents\GitHub\greenplus\Pollution Solution Working v 1\Pollution Solution\Temp\SimpleSideScrollerFramework\Debug\DirectXGraphics.obj
C:\Users\Jackie Wei\Documents\GitHub\greenplus\Pollution Solution Working v 1\Pollution Solution\Temp\SimpleSideScrollerFramework\Debug\DirectXTextureManager.obj
C:\Users\Jackie Wei\Documents\GitHub\greenplus\Pollution Solution Working v 1\Pollution Solution\Temp\SimpleSideScrollerFramework\Debug\Game.obj
C:\Users\Jackie Wei\Documents\GitHub\greenplus\Pollution Solution Working v 1\Pollution Solution\Temp\SimpleSideScrollerFramework\Debug\GameDataLoader.obj
C:\Users\Jackie Wei\Documents\GitHub\greenplus\Pollution Solution Working v 1\Pollution Solution\Temp\SimpleSideScrollerFramework\Debug\GameGraphics.obj
C:\Users\Jackie Wei\Documents\GitHub\greenplus\Pollution Solution Working v 1\Pollution Solution\Temp\SimpleSideScrollerFramework\Debug\GameGUI.obj
C:\Users\Jackie Wei\Documents\GitHub\greenplus\Pollution Solution Working v 1\Pollution Solution\Temp\SimpleSideScrollerFramework\Debug\GameInput.obj
C:\Users\Jackie Wei\Documents\GitHub\greenplus\Pollution Solution Working v 1\Pollution Solution\Temp\SimpleSideScrollerFramework\Debug\GameStateManager.obj
C:\Users\Jackie Wei\Documents\GitHub\greenplus\Pollution Solution Working v 1\Pollution Solution\Temp\SimpleSideScrollerFramework\Debug\GameText.obj
C:\Users\Jackie Wei\Documents\GitHub\greenplus\Pollution Solution Working v 1\Pollution Solution\Temp\SimpleSideScrollerFramework\Debug\GarbageMon.obj
C:\Users\Jackie Wei\Documents\GitHub\greenplus\Pollution Solution Working v 1\Pollution Solution\Temp\SimpleSideScrollerFramework\Debug\NPC.obj
C:\Users\Jackie Wei\Documents\GitHub\greenplus\Pollution Solution Working v 1\Pollution Solution\Temp\SimpleSideScrollerFramework\Debug\Physics.obj
C:\Users\Jackie Wei\Documents\GitHub\greenplus\Pollution Solution Working v 1\Pollution Solution\Temp\SimpleSideScrollerFramework\Debug\RandomJumpingBot.obj
C:\Users\Jackie Wei\Documents\GitHub\greenplus\Pollution Solution Working v 1\Pollution Solution\Temp\SimpleSideScrollerFramework\Debug\RenderList.obj
C:\Users\Jackie Wei\Documents\GitHub\greenplus\Pollution Solution Working v 1\Pollution Solution\Temp\SimpleSideScrollerFramework\Debug\ScreenGUI.obj
C:\Users\Jackie Wei\Documents\GitHub\greenplus\Pollution Solution Working v 1\Pollution Solution\Temp\SimpleSideScrollerFramework\Debug\SparseLayer.obj
C:\Users\Jackie Wei\Documents\GitHub\greenplus\Pollution Solution Working v 1\Pollution Solution\Temp\SimpleSideScrollerFramework\Debug\SpriteManager.obj
C:\Users\Jackie Wei\Documents\GitHub\greenplus\Pollution Solution Working v 1\Pollution Solution\Temp\SimpleSideScrollerFramework\Debug\stdafx.obj
C:\Users\Jackie Wei\Documents\GitHub\greenplus\Pollution Solution Working v 1\Pollution Solution\Temp\SimpleSideScrollerFramework\Debug\TextFileWriter.obj
C:\Users\Jackie Wei\Documents\GitHub\greenplus\Pollution Solution Working v 1\Pollution Solution\Temp\SimpleSideScrollerFramework\Debug\TextureManager.obj
C:\Users\Jackie Wei\Documents\GitHub\greenplus\Pollution Solution Working v 1\Pollution Solution\Temp\SimpleSideScrollerFramework\Debug\TiledLayer.obj
C:\Users\Jackie Wei\Documents\GitHub\greenplus\Pollution Solution Working v 1\Pollution Solution\Temp\SimpleSideScrollerFramework\Debug\TopDownSprite.obj
C:\Users\Jackie Wei\Documents\GitHub\greenplus\Pollution Solution Working v 1\Pollution Solution\Temp\SimpleSideScrollerFramework\Debug\Viewport.obj
C:\Users\Jackie Wei\Documents\GitHub\greenplus\Pollution Solution Working v 1\Pollution Solution\Temp\SimpleSideScrollerFramework\Debug\WindowsInput.obj
C:\Users\Jackie Wei\Documents\GitHub\greenplus\Pollution Solution Working v 1\Pollution Solution\Temp\SimpleSideScrollerFramework\Debug\WindowsOS.obj
C:\Users\Jackie Wei\Documents\GitHub\greenplus\Pollution Solution Working v 1\Pollution Solution\Temp\SimpleSideScrollerFramework\Debug\WindowsTimer.obj
C:\Users\Jackie Wei\Documents\GitHub\greenplus\Pollution Solution Working v 1\Pollution Solution\Temp\SimpleSideScrollerFramework\Debug\World.obj
C:\Users\Jackie Wei\Documents\GitHub\greenplus\Pollution Solution Working v 1\Pollution Solution\Temp\SimpleSideScrollerFramework\Debug\WStringTable.obj
C:\Users\Jackie Wei\Documents\GitHub\greenplus\Pollution Solution Working v 1\Pollution Solution\Temp\SimpleSideScrollerFramework\Debug\cl.command.1.tlog
C:\Users\Jackie Wei\Documents\GitHub\greenplus\Pollution Solution Working v 1\Pollution Solution\Temp\SimpleSideScrollerFramework\Debug\CL.read.1.tlog
C:\Users\Jackie Wei\Documents\GitHub\greenplus\Pollution Solution Working v 1\Pollution Solution\Temp\SimpleSideScrollerFramework\Debug\CL.write.1.tlog
C:\Users\Jackie Wei\Documents\GitHub\greenplus\Pollution Solution Working v 1\Pollution Solution\Temp\SimpleSideScrollerFramework\Debug\Lib-link.read.1.tlog
C:\Users\Jackie Wei\Documents\GitHub\greenplus\Pollution Solution Working v 1\Pollution Solution\Temp\SimpleSideScrollerFramework\Debug\Lib-link.write.1.tlog
C:\Users\Jackie Wei\Documents\GitHub\greenplus\Pollution Solution Working v 1\Pollution Solution\Temp\SimpleSideScrollerFramework\Debug\lib.command.1.tlog
C:\Users\Jackie Wei\Documents\GitHub\greenplus\Pollution Solution Working v 1\Pollution Solution\Temp\SimpleSideScrollerFramework\Debug\vc110.idb
C:\Users\Jackie Wei\Documents\GitHub\greenplus\Pollution Solution Working v 1\Pollution Solution\Temp\SimpleSideScrollerFramework\Debug\vc110.pdb
C:\Users\Jackie Wei\Documents\GitHub\greenplus\Pollution Solution Working v 1\Pollution Solution\Common\SimpleSideScrollerFramework.lib
