<<<<<<< HEAD
﻿Build started 5/14/2014 12:29:27 AM.
     1>Project "C:\Users\Jackie Wei\Documents\GitHub\greenplus\Pollution Solution Working v 1\Pollution Solution\XMLFileImporter\XMLFileImporter.vcxproj" on node 3 (Build target(s)).
     1>ClCompile:
         C:\Program Files (x86)\Microsoft Visual Studio 11.0\VC\bin\CL.exe /c /ZI /nologo /W3 /WX- /sdl /Od /Oy- /D WIN32 /D _DEBUG /D _LIB /D _UNICODE /D UNICODE /Gm /EHsc /RTC1 /MDd /GS /fp:precise /Zc:wchar_t /Zc:forScope /Fo"C:\Users\Jackie Wei\Documents\GitHub\greenplus\Pollution Solution Working v 1\Pollution Solution\Temp\XMLFileImporter\Debug\\" /Fd"C:\Users\Jackie Wei\Documents\GitHub\greenplus\Pollution Solution Working v 1\Pollution Solution\Temp\XMLFileImporter\Debug\vc110.pdb" /Gd /TP /analyze- /errorReport:prompt src\xmlfi\XMLFileImporter.cpp src\xmlfi_VS\stdafx.cpp
=======
﻿Build started 5/14/2014 2:59:33 AM.
     1>Project "C:\Users\Stellar\Documents\github\Pollution Solution Working v 1\Pollution Solution\XMLFileImporter\XMLFileImporter.vcxproj" on node 3 (Build target(s)).
     1>ClCompile:
         C:\Program Files (x86)\Microsoft Visual Studio 11.0\VC\bin\CL.exe /c /ZI /nologo /W3 /WX- /sdl /Od /Oy- /D WIN32 /D _DEBUG /D _LIB /D _UNICODE /D UNICODE /Gm /EHsc /RTC1 /MDd /GS /fp:precise /Zc:wchar_t /Zc:forScope /Fo"C:\Users\Stellar\Documents\github\Pollution Solution Working v 1\Pollution Solution\Temp\XMLFileImporter\Debug\\" /Fd"C:\Users\Stellar\Documents\github\Pollution Solution Working v 1\Pollution Solution\Temp\XMLFileImporter\Debug\vc110.pdb" /Gd /TP /analyze- /errorReport:prompt src\xmlfi\XMLFileImporter.cpp src\xmlfi_VS\stdafx.cpp
>>>>>>> origin/master
         stdafx.cpp
         XMLFileImporter.cpp
         Generating Code...
       Lib:
<<<<<<< HEAD
         C:\Program Files (x86)\Microsoft Visual Studio 11.0\VC\bin\Lib.exe /OUT:"C:\Users\Jackie Wei\Documents\GitHub\greenplus\Pollution Solution Working v 1\Pollution Solution\Common\XMLFileImporter.lib" /NOLOGO "C:\Users\Jackie Wei\Documents\GitHub\greenplus\Pollution Solution Working v 1\Pollution Solution\Temp\XMLFileImporter\Debug\XMLFileImporter.obj"
         "C:\Users\Jackie Wei\Documents\GitHub\greenplus\Pollution Solution Working v 1\Pollution Solution\Temp\XMLFileImporter\Debug\stdafx.obj"
         XMLFileImporter.vcxproj -> C:\Users\Jackie Wei\Documents\GitHub\greenplus\Pollution Solution Working v 1\Pollution Solution\Common\XMLFileImporter.lib
     1>Done Building Project "C:\Users\Jackie Wei\Documents\GitHub\greenplus\Pollution Solution Working v 1\Pollution Solution\XMLFileImporter\XMLFileImporter.vcxproj" (Build target(s)).

Build succeeded.

Time Elapsed 00:00:02.53
=======
         C:\Program Files (x86)\Microsoft Visual Studio 11.0\VC\bin\Lib.exe /OUT:"C:\Users\Stellar\Documents\github\Pollution Solution Working v 1\Pollution Solution\Common\XMLFileImporter.lib" /NOLOGO "C:\Users\Stellar\Documents\github\Pollution Solution Working v 1\Pollution Solution\Temp\XMLFileImporter\Debug\XMLFileImporter.obj"
         "C:\Users\Stellar\Documents\github\Pollution Solution Working v 1\Pollution Solution\Temp\XMLFileImporter\Debug\stdafx.obj"
         XMLFileImporter.vcxproj -> C:\Users\Stellar\Documents\github\Pollution Solution Working v 1\Pollution Solution\Common\XMLFileImporter.lib
     1>Done Building Project "C:\Users\Stellar\Documents\github\Pollution Solution Working v 1\Pollution Solution\XMLFileImporter\XMLFileImporter.vcxproj" (Build target(s)).

Build succeeded.

Time Elapsed 00:00:01.14
>>>>>>> origin/master
