Build started 3/11/2014 4:41:46 PM.
     1>Project "C:\Users\Rhododendron\Desktop\SBU\CSE 380\HW 2\HW2\SimpleSideScrollerFramework\SimpleSideScrollerFramework.vcxproj" on node 4 (Build target(s)).
     1>ClCompile:
         C:\Program Files (x86)\Microsoft Visual Studio 11.0\VC\bin\CL.exe /c /ZI /nologo /W3 /WX- /sdl /Od /Oy- /D WIN32 /D _DEBUG /D _LIB /D _UNICODE /D UNICODE /Gm /EHsc /RTC1 /MDd /GS /fp:precise /Zc:wchar_t /Zc:forScope /Fo"C:\Users\Rhododendron\Desktop\SBU\CSE 380\HW 2\HW2\Temp\SimpleSideScrollerFramework\Debug\\" /Fd"C:\Users\Rhododendron\Desktop\SBU\CSE 380\HW 2\HW2\Temp\SimpleSideScrollerFramework\Debug\vc110.pdb" /Gd /TP /analyze- /errorReport:prompt src\sssf\data_loader\GameDataLoader.cpp src\sssf\game\Game.cpp src\sssf\game\WStringTable.cpp src\sssf\graphics\GameGraphics.cpp src\sssf\graphics\RenderList.cpp src\sssf\graphics\TextureManager.cpp src\sssf\gsm\ai\BotRecycler.cpp src\sssf\gsm\ai\bots\RandomFloatingBot.cpp src\sssf\gsm\ai\bots\RandomJumpingBot.cpp src\sssf\gsm\ai\pathfinding\OrthographicGridPathfinder.cpp src\sssf\gsm\physics\AABB.cpp src\sssf\gsm\physics\CollidableObject.cpp src\sssf\gsm\physics\Physics.cpp src\sssf\gsm\sprite\AnimatedSprite.cpp src\sssf\gsm\sprite\AnimatedSpriteType.cpp src\sssf\gsm\sprite\SpriteManager.cpp src\sssf\gsm\sprite\TopDownSprite.cpp src\sssf\gsm\state\GameStateManager.cpp src\sssf\gsm\world\SparseLayer.cpp src\sssf\gsm\world\TiledLayer.cpp src\sssf\gsm\world\World.cpp src\sssf\gui\Button.cpp src\sssf\gui\Cursor.cpp src\sssf\gui\GameGUI.cpp src\sssf\gui\ScreenGUI.cpp src\sssf\gui\Viewport.cpp src\sssf\input\GameInput.cpp src\sssf\platforms\DirectX\DirectXGraphics.cpp src\sssf\platforms\DirectX\DirectXTextureManager.cpp src\sssf\platforms\Windows\WindowsInput.cpp src\sssf\platforms\Windows\WindowsOS.cpp src\sssf\platforms\Windows\WindowsTimer.cpp src\sssf\text\BufferedTextFileReader.cpp src\sssf\text\GameText.cpp src\sssf\text\TextFileWriter.cpp src\sssf_VS\stdafx.cpp
         stdafx.cpp
         TextFileWriter.cpp
         GameText.cpp
         BufferedTextFileReader.cpp
         WindowsTimer.cpp
         WindowsOS.cpp
         WindowsInput.cpp
         DirectXTextureManager.cpp
         DirectXGraphics.cpp
     1>c:\users\rhododendron\desktop\sbu\cse 380\hw 2\hw2\simplesidescrollerframework\src\sssf\platforms\directx\directxgraphics.cpp(529): warning C4244: '=' : conversion from 'int' to 'float', possible loss of data
     1>c:\users\rhododendron\desktop\sbu\cse 380\hw 2\hw2\simplesidescrollerframework\src\sssf\platforms\directx\directxgraphics.cpp(530): warning C4244: '=' : conversion from 'int' to 'float', possible loss of data
     1>c:\users\rhododendron\desktop\sbu\cse 380\hw 2\hw2\simplesidescrollerframework\src\sssf\platforms\directx\directxgraphics.cpp(470): warning C4101: 'translationX' : unreferenced local variable
     1>c:\users\rhododendron\desktop\sbu\cse 380\hw 2\hw2\simplesidescrollerframework\src\sssf\platforms\directx\directxgraphics.cpp(471): warning C4101: 'translationY' : unreferenced local variable
     1>c:\users\rhododendron\desktop\sbu\cse 380\hw 2\hw2\simplesidescrollerframework\src\sssf\platforms\directx\directxgraphics.cpp(689): warning C4244: 'argument' : conversion from 'int' to 'float', possible loss of data
     1>c:\users\rhododendron\desktop\sbu\cse 380\hw 2\hw2\simplesidescrollerframework\src\sssf\platforms\directx\directxgraphics.cpp(690): warning C4244: 'argument' : conversion from 'int' to 'float', possible loss of data
     1>c:\users\rhododendron\desktop\sbu\cse 380\hw 2\hw2\simplesidescrollerframework\src\sssf\platforms\directx\directxgraphics.cpp(721): warning C4244: '=' : conversion from 'float' to 'LONG', possible loss of data
     1>c:\users\rhododendron\desktop\sbu\cse 380\hw 2\hw2\simplesidescrollerframework\src\sssf\platforms\directx\directxgraphics.cpp(722): warning C4244: '=' : conversion from 'float' to 'LONG', possible loss of data
     1>c:\users\rhododendron\desktop\sbu\cse 380\hw 2\hw2\simplesidescrollerframework\src\sssf\platforms\directx\directxgraphics.cpp(723): warning C4244: '=' : conversion from 'float' to 'LONG', possible loss of data
     1>c:\users\rhododendron\desktop\sbu\cse 380\hw 2\hw2\simplesidescrollerframework\src\sssf\platforms\directx\directxgraphics.cpp(724): warning C4244: '=' : conversion from 'float' to 'LONG', possible loss of data
         GameInput.cpp
         Viewport.cpp
         ScreenGUI.cpp
         GameGUI.cpp
         Cursor.cpp
         Button.cpp
         World.cpp
         TiledLayer.cpp
         SparseLayer.cpp
         GameStateManager.cpp
         TopDownSprite.cpp
         Generating Code...
         Compiling...
         SpriteManager.cpp
         AnimatedSpriteType.cpp
         AnimatedSprite.cpp
         Physics.cpp
         CollidableObject.cpp
         AABB.cpp
         OrthographicGridPathfinder.cpp
     1>c:\users\rhododendron\desktop\sbu\cse 380\hw 2\hw2\simplesidescrollerframework\src\sssf\gsm\ai\pathfinding\orthographicgridpathfinder.cpp(25): warning C4244: 'argument' : conversion from 'int' to 'float', possible loss of data
     1>c:\users\rhododendron\desktop\sbu\cse 380\hw 2\hw2\simplesidescrollerframework\src\sssf\gsm\ai\pathfinding\orthographicgridpathfinder.cpp(26): warning C4244: 'argument' : conversion from 'int' to 'float', possible loss of data
     1>c:\users\rhododendron\desktop\sbu\cse 380\hw 2\hw2\simplesidescrollerframework\src\sssf\gsm\ai\pathfinding\orthographicgridpathfinder.cpp(138): warning C4244: 'argument' : conversion from 'int' to 'float', possible loss of data
     1>c:\users\rhododendron\desktop\sbu\cse 380\hw 2\hw2\simplesidescrollerframework\src\sssf\gsm\ai\pathfinding\orthographicgridpathfinder.cpp(139): warning C4244: 'argument' : conversion from 'int' to 'float', possible loss of data
         RandomJumpingBot.cpp
         RandomFloatingBot.cpp
         BotRecycler.cpp
         TextureManager.cpp
         RenderList.cpp
         GameGraphics.cpp
         WStringTable.cpp
         Game.cpp
         GameDataLoader.cpp
         Generating Code...
     1>c:\users\rhododendron\desktop\sbu\cse 380\hw 2\hw2\simplesidescrollerframework\src\sssf\graphics\renderlist.cpp(104): warning C4715: 'RenderList::next' : not all control paths return a value
       Lib:
         C:\Program Files (x86)\Microsoft Visual Studio 11.0\VC\bin\Lib.exe /OUT:"C:\Users\Rhododendron\Desktop\SBU\CSE 380\HW 2\HW2\Common\SimpleSideScrollerFramework.lib" /NOLOGO "C:\Users\Rhododendron\Desktop\SBU\CSE 380\HW 2\HW2\Temp\SimpleSideScrollerFramework\Debug\GameDataLoader.obj"
         "C:\Users\Rhododendron\Desktop\SBU\CSE 380\HW 2\HW2\Temp\SimpleSideScrollerFramework\Debug\Game.obj"
         "C:\Users\Rhododendron\Desktop\SBU\CSE 380\HW 2\HW2\Temp\SimpleSideScrollerFramework\Debug\WStringTable.obj"
         "C:\Users\Rhododendron\Desktop\SBU\CSE 380\HW 2\HW2\Temp\SimpleSideScrollerFramework\Debug\GameGraphics.obj"
         "C:\Users\Rhododendron\Desktop\SBU\CSE 380\HW 2\HW2\Temp\SimpleSideScrollerFramework\Debug\RenderList.obj"
         "C:\Users\Rhododendron\Desktop\SBU\CSE 380\HW 2\HW2\Temp\SimpleSideScrollerFramework\Debug\TextureManager.obj"
         "C:\Users\Rhododendron\Desktop\SBU\CSE 380\HW 2\HW2\Temp\SimpleSideScrollerFramework\Debug\BotRecycler.obj"
         "C:\Users\Rhododendron\Desktop\SBU\CSE 380\HW 2\HW2\Temp\SimpleSideScrollerFramework\Debug\RandomFloatingBot.obj"
         "C:\Users\Rhododendron\Desktop\SBU\CSE 380\HW 2\HW2\Temp\SimpleSideScrollerFramework\Debug\RandomJumpingBot.obj"
         "C:\Users\Rhododendron\Desktop\SBU\CSE 380\HW 2\HW2\Temp\SimpleSideScrollerFramework\Debug\OrthographicGridPathfinder.obj"
         "C:\Users\Rhododendron\Desktop\SBU\CSE 380\HW 2\HW2\Temp\SimpleSideScrollerFramework\Debug\AABB.obj"
         "C:\Users\Rhododendron\Desktop\SBU\CSE 380\HW 2\HW2\Temp\SimpleSideScrollerFramework\Debug\CollidableObject.obj"
         "C:\Users\Rhododendron\Desktop\SBU\CSE 380\HW 2\HW2\Temp\SimpleSideScrollerFramework\Debug\Physics.obj"
         "C:\Users\Rhododendron\Desktop\SBU\CSE 380\HW 2\HW2\Temp\SimpleSideScrollerFramework\Debug\AnimatedSprite.obj"
         "C:\Users\Rhododendron\Desktop\SBU\CSE 380\HW 2\HW2\Temp\SimpleSideScrollerFramework\Debug\AnimatedSpriteType.obj"
         "C:\Users\Rhododendron\Desktop\SBU\CSE 380\HW 2\HW2\Temp\SimpleSideScrollerFramework\Debug\SpriteManager.obj"
         "C:\Users\Rhododendron\Desktop\SBU\CSE 380\HW 2\HW2\Temp\SimpleSideScrollerFramework\Debug\TopDownSprite.obj"
         "C:\Users\Rhododendron\Desktop\SBU\CSE 380\HW 2\HW2\Temp\SimpleSideScrollerFramework\Debug\GameStateManager.obj"
         "C:\Users\Rhododendron\Desktop\SBU\CSE 380\HW 2\HW2\Temp\SimpleSideScrollerFramework\Debug\SparseLayer.obj"
         "C:\Users\Rhododendron\Desktop\SBU\CSE 380\HW 2\HW2\Temp\SimpleSideScrollerFramework\Debug\TiledLayer.obj"
         "C:\Users\Rhododendron\Desktop\SBU\CSE 380\HW 2\HW2\Temp\SimpleSideScrollerFramework\Debug\World.obj"
         "C:\Users\Rhododendron\Desktop\SBU\CSE 380\HW 2\HW2\Temp\SimpleSideScrollerFramework\Debug\Button.obj"
         "C:\Users\Rhododendron\Desktop\SBU\CSE 380\HW 2\HW2\Temp\SimpleSideScrollerFramework\Debug\Cursor.obj"
         "C:\Users\Rhododendron\Desktop\SBU\CSE 380\HW 2\HW2\Temp\SimpleSideScrollerFramework\Debug\GameGUI.obj"
         "C:\Users\Rhododendron\Desktop\SBU\CSE 380\HW 2\HW2\Temp\SimpleSideScrollerFramework\Debug\ScreenGUI.obj"
         "C:\Users\Rhododendron\Desktop\SBU\CSE 380\HW 2\HW2\Temp\SimpleSideScrollerFramework\Debug\Viewport.obj"
         "C:\Users\Rhododendron\Desktop\SBU\CSE 380\HW 2\HW2\Temp\SimpleSideScrollerFramework\Debug\GameInput.obj"
         "C:\Users\Rhododendron\Desktop\SBU\CSE 380\HW 2\HW2\Temp\SimpleSideScrollerFramework\Debug\DirectXGraphics.obj"
         "C:\Users\Rhododendron\Desktop\SBU\CSE 380\HW 2\HW2\Temp\SimpleSideScrollerFramework\Debug\DirectXTextureManager.obj"
         "C:\Users\Rhododendron\Desktop\SBU\CSE 380\HW 2\HW2\Temp\SimpleSideScrollerFramework\Debug\WindowsInput.obj"
         "C:\Users\Rhododendron\Desktop\SBU\CSE 380\HW 2\HW2\Temp\SimpleSideScrollerFramework\Debug\WindowsOS.obj"
         "C:\Users\Rhododendron\Desktop\SBU\CSE 380\HW 2\HW2\Temp\SimpleSideScrollerFramework\Debug\WindowsTimer.obj"
         "C:\Users\Rhododendron\Desktop\SBU\CSE 380\HW 2\HW2\Temp\SimpleSideScrollerFramework\Debug\BufferedTextFileReader.obj"
         "C:\Users\Rhododendron\Desktop\SBU\CSE 380\HW 2\HW2\Temp\SimpleSideScrollerFramework\Debug\GameText.obj"
         "C:\Users\Rhododendron\Desktop\SBU\CSE 380\HW 2\HW2\Temp\SimpleSideScrollerFramework\Debug\TextFileWriter.obj"
         "C:\Users\Rhododendron\Desktop\SBU\CSE 380\HW 2\HW2\Temp\SimpleSideScrollerFramework\Debug\stdafx.obj"
         SimpleSideScrollerFramework.vcxproj -> C:\Users\Rhododendron\Desktop\SBU\CSE 380\HW 2\HW2\Common\SimpleSideScrollerFramework.lib
     1>Done Building Project "C:\Users\Rhododendron\Desktop\SBU\CSE 380\HW 2\HW2\SimpleSideScrollerFramework\SimpleSideScrollerFramework.vcxproj" (Build target(s)).

Build succeeded.

Time Elapsed 00:01:42.08
