C:\USERS\RHODODENDRON\DOCUMENTS\GITHUB\GREEN\POLLUTION SOLUTION\BOX2D_V2.1.2\BOX2D_V2.1.2\BOX2D\BUILD\BOX2D\BOX2D.DIR\DEBUG\B2ISLAND.OBJ
C:\USERS\RHODODENDRON\DOCUMENTS\GITHUB\GREEN\POLLUTION SOLUTION\BOX2D_V2.1.2\BOX2D_V2.1.2\BOX2D\BUILD\BOX2D\BOX2D.DIR\DEBUG\B2FIXTURE.OBJ
C:\USERS\RHODODENDRON\DOCUMENTS\GITHUB\GREEN\POLLUTION SOLUTION\BOX2D_V2.1.2\BOX2D_V2.1.2\BOX2D\BUILD\BOX2D\BOX2D.DIR\DEBUG\B2CONTACTMANAGER.OBJ
C:\USERS\RHODODENDRON\DOCUMENTS\GITHUB\GREEN\POLLUTION SOLUTION\BOX2D_V2.1.2\BOX2D_V2.1.2\BOX2D\BUILD\BOX2D\BOX2D.DIR\DEBUG\B2BODY.OBJ
C:\USERS\RHODODENDRON\DOCUMENTS\GITHUB\GREEN\POLLUTION SOLUTION\BOX2D_V2.1.2\BOX2D_V2.1.2\BOX2D\BUILD\BOX2D\BOX2D.DIR\DEBUG\B2TOISOLVER.OBJ
C:\USERS\RHODODENDRON\DOCUMENTS\GITHUB\GREEN\POLLUTION SOLUTION\BOX2D_V2.1.2\BOX2D_V2.1.2\BOX2D\BUILD\BOX2D\BOX2D.DIR\DEBUG\B2POLYGONCONTACT.OBJ
C:\USERS\RHODODENDRON\DOCUMENTS\GITHUB\GREEN\POLLUTION SOLUTION\BOX2D_V2.1.2\BOX2D_V2.1.2\BOX2D\BUILD\BOX2D\BOX2D.DIR\DEBUG\B2POLYGONANDCIRCLECONTACT.OBJ
C:\USERS\RHODODENDRON\DOCUMENTS\GITHUB\GREEN\POLLUTION SOLUTION\BOX2D_V2.1.2\BOX2D_V2.1.2\BOX2D\BUILD\BOX2D\BOX2D.DIR\DEBUG\B2CONTACTSOLVER.OBJ
C:\USERS\RHODODENDRON\DOCUMENTS\GITHUB\GREEN\POLLUTION SOLUTION\BOX2D_V2.1.2\BOX2D_V2.1.2\BOX2D\BUILD\BOX2D\BOX2D.DIR\DEBUG\B2CONTACT.OBJ
C:\USERS\RHODODENDRON\DOCUMENTS\GITHUB\GREEN\POLLUTION SOLUTION\BOX2D_V2.1.2\BOX2D_V2.1.2\BOX2D\BUILD\BOX2D\BOX2D.DIR\DEBUG\B2CIRCLECONTACT.OBJ
C:\USERS\RHODODENDRON\DOCUMENTS\GITHUB\GREEN\POLLUTION SOLUTION\BOX2D_V2.1.2\BOX2D_V2.1.2\BOX2D\BUILD\BOX2D\BOX2D.DIR\DEBUG\B2WELDJOINT.OBJ
C:\USERS\RHODODENDRON\DOCUMENTS\GITHUB\GREEN\POLLUTION SOLUTION\BOX2D_V2.1.2\BOX2D_V2.1.2\BOX2D\BUILD\BOX2D\BOX2D.DIR\DEBUG\B2REVOLUTEJOINT.OBJ
C:\USERS\RHODODENDRON\DOCUMENTS\GITHUB\GREEN\POLLUTION SOLUTION\BOX2D_V2.1.2\BOX2D_V2.1.2\BOX2D\BUILD\BOX2D\BOX2D.DIR\DEBUG\B2PULLEYJOINT.OBJ
C:\USERS\RHODODENDRON\DOCUMENTS\GITHUB\GREEN\POLLUTION SOLUTION\BOX2D_V2.1.2\BOX2D_V2.1.2\BOX2D\BUILD\BOX2D\BOX2D.DIR\DEBUG\B2PRISMATICJOINT.OBJ
C:\USERS\RHODODENDRON\DOCUMENTS\GITHUB\GREEN\POLLUTION SOLUTION\BOX2D_V2.1.2\BOX2D_V2.1.2\BOX2D\BUILD\BOX2D\BOX2D.DIR\DEBUG\B2MOUSEJOINT.OBJ
C:\USERS\RHODODENDRON\DOCUMENTS\GITHUB\GREEN\POLLUTION SOLUTION\BOX2D_V2.1.2\BOX2D_V2.1.2\BOX2D\BUILD\BOX2D\BOX2D.DIR\DEBUG\B2LINEJOINT.OBJ
C:\USERS\RHODODENDRON\DOCUMENTS\GITHUB\GREEN\POLLUTION SOLUTION\BOX2D_V2.1.2\BOX2D_V2.1.2\BOX2D\BUILD\BOX2D\BOX2D.DIR\DEBUG\B2JOINT.OBJ
C:\USERS\RHODODENDRON\DOCUMENTS\GITHUB\GREEN\POLLUTION SOLUTION\BOX2D_V2.1.2\BOX2D_V2.1.2\BOX2D\BUILD\BOX2D\BOX2D.DIR\DEBUG\B2GEARJOINT.OBJ
C:\USERS\RHODODENDRON\DOCUMENTS\GITHUB\GREEN\POLLUTION SOLUTION\BOX2D_V2.1.2\BOX2D_V2.1.2\BOX2D\BUILD\BOX2D\BOX2D.DIR\DEBUG\B2FRICTIONJOINT.OBJ
C:\USERS\RHODODENDRON\DOCUMENTS\GITHUB\GREEN\POLLUTION SOLUTION\BOX2D_V2.1.2\BOX2D_V2.1.2\BOX2D\BUILD\BOX2D\BOX2D.DIR\DEBUG\B2DISTANCEJOINT.OBJ
C:\USERS\RHODODENDRON\DOCUMENTS\GITHUB\GREEN\POLLUTION SOLUTION\BOX2D_V2.1.2\BOX2D_V2.1.2\BOX2D\BUILD\BOX2D\BOX2D.DIR\DEBUG\B2TIMEOFIMPACT.OBJ
C:\USERS\RHODODENDRON\DOCUMENTS\GITHUB\GREEN\POLLUTION SOLUTION\BOX2D_V2.1.2\BOX2D_V2.1.2\BOX2D\BUILD\BOX2D\BOX2D.DIR\DEBUG\B2DYNAMICTREE.OBJ
C:\USERS\RHODODENDRON\DOCUMENTS\GITHUB\GREEN\POLLUTION SOLUTION\BOX2D_V2.1.2\BOX2D_V2.1.2\BOX2D\BUILD\BOX2D\BOX2D.DIR\DEBUG\B2DISTANCE.OBJ
C:\USERS\RHODODENDRON\DOCUMENTS\GITHUB\GREEN\POLLUTION SOLUTION\BOX2D_V2.1.2\BOX2D_V2.1.2\BOX2D\BUILD\BOX2D\BOX2D.DIR\DEBUG\B2COLLISION.OBJ
C:\USERS\RHODODENDRON\DOCUMENTS\GITHUB\GREEN\POLLUTION SOLUTION\BOX2D_V2.1.2\BOX2D_V2.1.2\BOX2D\BUILD\BOX2D\BOX2D.DIR\DEBUG\B2COLLIDEPOLYGON.OBJ
C:\USERS\RHODODENDRON\DOCUMENTS\GITHUB\GREEN\POLLUTION SOLUTION\BOX2D_V2.1.2\BOX2D_V2.1.2\BOX2D\BUILD\BOX2D\BOX2D.DIR\DEBUG\B2COLLIDECIRCLE.OBJ
C:\USERS\RHODODENDRON\DOCUMENTS\GITHUB\GREEN\POLLUTION SOLUTION\BOX2D_V2.1.2\BOX2D_V2.1.2\BOX2D\BUILD\BOX2D\BOX2D.DIR\DEBUG\B2BROADPHASE.OBJ
C:\USERS\RHODODENDRON\DOCUMENTS\GITHUB\GREEN\POLLUTION SOLUTION\BOX2D_V2.1.2\BOX2D_V2.1.2\BOX2D\BUILD\BOX2D\BOX2D.DIR\DEBUG\B2POLYGONSHAPE.OBJ
C:\USERS\RHODODENDRON\DOCUMENTS\GITHUB\GREEN\POLLUTION SOLUTION\BOX2D_V2.1.2\BOX2D_V2.1.2\BOX2D\BUILD\BOX2D\BOX2D.DIR\DEBUG\B2CIRCLESHAPE.OBJ
C:\USERS\RHODODENDRON\DOCUMENTS\GITHUB\GREEN\POLLUTION SOLUTION\BOX2D_V2.1.2\BOX2D_V2.1.2\BOX2D\BUILD\BOX2D\BOX2D.DIR\DEBUG\B2STACKALLOCATOR.OBJ
C:\USERS\RHODODENDRON\DOCUMENTS\GITHUB\GREEN\POLLUTION SOLUTION\BOX2D_V2.1.2\BOX2D_V2.1.2\BOX2D\BUILD\BOX2D\BOX2D.DIR\DEBUG\B2SETTINGS.OBJ
C:\USERS\RHODODENDRON\DOCUMENTS\GITHUB\GREEN\POLLUTION SOLUTION\BOX2D_V2.1.2\BOX2D_V2.1.2\BOX2D\BUILD\BOX2D\BOX2D.DIR\DEBUG\B2MATH.OBJ
C:\USERS\RHODODENDRON\DOCUMENTS\GITHUB\GREEN\POLLUTION SOLUTION\BOX2D_V2.1.2\BOX2D_V2.1.2\BOX2D\BUILD\BOX2D\BOX2D.DIR\DEBUG\B2BLOCKALLOCATOR.OBJ
C:\USERS\RHODODENDRON\DOCUMENTS\GITHUB\GREEN\POLLUTION SOLUTION\BOX2D_V2.1.2\BOX2D_V2.1.2\BOX2D\BUILD\BOX2D\BOX2D.DIR\DEBUG\B2WORLDCALLBACKS.OBJ
C:\USERS\RHODODENDRON\DOCUMENTS\GITHUB\GREEN\POLLUTION SOLUTION\BOX2D_V2.1.2\BOX2D_V2.1.2\BOX2D\BUILD\BOX2D\BOX2D.DIR\DEBUG\B2WORLD.OBJ
C:\USERS\RHODODENDRON\DOCUMENTS\GITHUB\GREEN\POLLUTION SOLUTION\BOX2D_V2.1.2\BOX2D_V2.1.2\BOX2D\BUILD\BOX2D\BOX2D.DIR\DEBUG\VC110.PDB
C:\USERS\RHODODENDRON\DOCUMENTS\GITHUB\GREEN\POLLUTION SOLUTION WORKING V 1\POLLUTION SOLUTION\BOX2D_V2.1.2\BOX2D_V2.1.2\BOX2D\BUILD\BOX2D\BOX2D.DIR\DEBUG\B2ISLAND.OBJ
C:\USERS\RHODODENDRON\DOCUMENTS\GITHUB\GREEN\POLLUTION SOLUTION WORKING V 1\POLLUTION SOLUTION\BOX2D_V2.1.2\BOX2D_V2.1.2\BOX2D\BUILD\BOX2D\BOX2D.DIR\DEBUG\B2FIXTURE.OBJ
C:\USERS\RHODODENDRON\DOCUMENTS\GITHUB\GREEN\POLLUTION SOLUTION WORKING V 1\POLLUTION SOLUTION\BOX2D_V2.1.2\BOX2D_V2.1.2\BOX2D\BUILD\BOX2D\BOX2D.DIR\DEBUG\B2CONTACTMANAGER.OBJ
C:\USERS\RHODODENDRON\DOCUMENTS\GITHUB\GREEN\POLLUTION SOLUTION WORKING V 1\POLLUTION SOLUTION\BOX2D_V2.1.2\BOX2D_V2.1.2\BOX2D\BUILD\BOX2D\BOX2D.DIR\DEBUG\B2BODY.OBJ
C:\USERS\RHODODENDRON\DOCUMENTS\GITHUB\GREEN\POLLUTION SOLUTION WORKING V 1\POLLUTION SOLUTION\BOX2D_V2.1.2\BOX2D_V2.1.2\BOX2D\BUILD\BOX2D\BOX2D.DIR\DEBUG\B2TOISOLVER.OBJ
C:\USERS\RHODODENDRON\DOCUMENTS\GITHUB\GREEN\POLLUTION SOLUTION WORKING V 1\POLLUTION SOLUTION\BOX2D_V2.1.2\BOX2D_V2.1.2\BOX2D\BUILD\BOX2D\BOX2D.DIR\DEBUG\B2POLYGONCONTACT.OBJ
C:\USERS\RHODODENDRON\DOCUMENTS\GITHUB\GREEN\POLLUTION SOLUTION WORKING V 1\POLLUTION SOLUTION\BOX2D_V2.1.2\BOX2D_V2.1.2\BOX2D\BUILD\BOX2D\BOX2D.DIR\DEBUG\B2POLYGONANDCIRCLECONTACT.OBJ
C:\USERS\RHODODENDRON\DOCUMENTS\GITHUB\GREEN\POLLUTION SOLUTION WORKING V 1\POLLUTION SOLUTION\BOX2D_V2.1.2\BOX2D_V2.1.2\BOX2D\BUILD\BOX2D\BOX2D.DIR\DEBUG\B2CONTACTSOLVER.OBJ
C:\USERS\RHODODENDRON\DOCUMENTS\GITHUB\GREEN\POLLUTION SOLUTION WORKING V 1\POLLUTION SOLUTION\BOX2D_V2.1.2\BOX2D_V2.1.2\BOX2D\BUILD\BOX2D\BOX2D.DIR\DEBUG\B2CONTACT.OBJ
C:\USERS\RHODODENDRON\DOCUMENTS\GITHUB\GREEN\POLLUTION SOLUTION WORKING V 1\POLLUTION SOLUTION\BOX2D_V2.1.2\BOX2D_V2.1.2\BOX2D\BUILD\BOX2D\BOX2D.DIR\DEBUG\B2CIRCLECONTACT.OBJ
C:\USERS\RHODODENDRON\DOCUMENTS\GITHUB\GREEN\POLLUTION SOLUTION WORKING V 1\POLLUTION SOLUTION\BOX2D_V2.1.2\BOX2D_V2.1.2\BOX2D\BUILD\BOX2D\BOX2D.DIR\DEBUG\B2WELDJOINT.OBJ
C:\USERS\RHODODENDRON\DOCUMENTS\GITHUB\GREEN\POLLUTION SOLUTION WORKING V 1\POLLUTION SOLUTION\BOX2D_V2.1.2\BOX2D_V2.1.2\BOX2D\BUILD\BOX2D\BOX2D.DIR\DEBUG\B2REVOLUTEJOINT.OBJ
C:\USERS\RHODODENDRON\DOCUMENTS\GITHUB\GREEN\POLLUTION SOLUTION WORKING V 1\POLLUTION SOLUTION\BOX2D_V2.1.2\BOX2D_V2.1.2\BOX2D\BUILD\BOX2D\BOX2D.DIR\DEBUG\B2PULLEYJOINT.OBJ
C:\USERS\RHODODENDRON\DOCUMENTS\GITHUB\GREEN\POLLUTION SOLUTION WORKING V 1\POLLUTION SOLUTION\BOX2D_V2.1.2\BOX2D_V2.1.2\BOX2D\BUILD\BOX2D\BOX2D.DIR\DEBUG\B2PRISMATICJOINT.OBJ
C:\USERS\RHODODENDRON\DOCUMENTS\GITHUB\GREEN\POLLUTION SOLUTION WORKING V 1\POLLUTION SOLUTION\BOX2D_V2.1.2\BOX2D_V2.1.2\BOX2D\BUILD\BOX2D\BOX2D.DIR\DEBUG\B2MOUSEJOINT.OBJ
C:\USERS\RHODODENDRON\DOCUMENTS\GITHUB\GREEN\POLLUTION SOLUTION WORKING V 1\POLLUTION SOLUTION\BOX2D_V2.1.2\BOX2D_V2.1.2\BOX2D\BUILD\BOX2D\BOX2D.DIR\DEBUG\B2LINEJOINT.OBJ
C:\USERS\RHODODENDRON\DOCUMENTS\GITHUB\GREEN\POLLUTION SOLUTION WORKING V 1\POLLUTION SOLUTION\BOX2D_V2.1.2\BOX2D_V2.1.2\BOX2D\BUILD\BOX2D\BOX2D.DIR\DEBUG\B2JOINT.OBJ
C:\USERS\RHODODENDRON\DOCUMENTS\GITHUB\GREEN\POLLUTION SOLUTION WORKING V 1\POLLUTION SOLUTION\BOX2D_V2.1.2\BOX2D_V2.1.2\BOX2D\BUILD\BOX2D\BOX2D.DIR\DEBUG\B2GEARJOINT.OBJ
C:\USERS\RHODODENDRON\DOCUMENTS\GITHUB\GREEN\POLLUTION SOLUTION WORKING V 1\POLLUTION SOLUTION\BOX2D_V2.1.2\BOX2D_V2.1.2\BOX2D\BUILD\BOX2D\BOX2D.DIR\DEBUG\B2FRICTIONJOINT.OBJ
C:\USERS\RHODODENDRON\DOCUMENTS\GITHUB\GREEN\POLLUTION SOLUTION WORKING V 1\POLLUTION SOLUTION\BOX2D_V2.1.2\BOX2D_V2.1.2\BOX2D\BUILD\BOX2D\BOX2D.DIR\DEBUG\B2DISTANCEJOINT.OBJ
C:\USERS\RHODODENDRON\DOCUMENTS\GITHUB\GREEN\POLLUTION SOLUTION WORKING V 1\POLLUTION SOLUTION\BOX2D_V2.1.2\BOX2D_V2.1.2\BOX2D\BUILD\BOX2D\BOX2D.DIR\DEBUG\B2TIMEOFIMPACT.OBJ
C:\USERS\RHODODENDRON\DOCUMENTS\GITHUB\GREEN\POLLUTION SOLUTION WORKING V 1\POLLUTION SOLUTION\BOX2D_V2.1.2\BOX2D_V2.1.2\BOX2D\BUILD\BOX2D\BOX2D.DIR\DEBUG\B2DYNAMICTREE.OBJ
C:\USERS\RHODODENDRON\DOCUMENTS\GITHUB\GREEN\POLLUTION SOLUTION WORKING V 1\POLLUTION SOLUTION\BOX2D_V2.1.2\BOX2D_V2.1.2\BOX2D\BUILD\BOX2D\BOX2D.DIR\DEBUG\B2DISTANCE.OBJ
C:\USERS\RHODODENDRON\DOCUMENTS\GITHUB\GREEN\POLLUTION SOLUTION WORKING V 1\POLLUTION SOLUTION\BOX2D_V2.1.2\BOX2D_V2.1.2\BOX2D\BUILD\BOX2D\BOX2D.DIR\DEBUG\B2COLLISION.OBJ
C:\USERS\RHODODENDRON\DOCUMENTS\GITHUB\GREEN\POLLUTION SOLUTION WORKING V 1\POLLUTION SOLUTION\BOX2D_V2.1.2\BOX2D_V2.1.2\BOX2D\BUILD\BOX2D\BOX2D.DIR\DEBUG\B2COLLIDEPOLYGON.OBJ
C:\USERS\RHODODENDRON\DOCUMENTS\GITHUB\GREEN\POLLUTION SOLUTION WORKING V 1\POLLUTION SOLUTION\BOX2D_V2.1.2\BOX2D_V2.1.2\BOX2D\BUILD\BOX2D\BOX2D.DIR\DEBUG\B2COLLIDECIRCLE.OBJ
C:\USERS\RHODODENDRON\DOCUMENTS\GITHUB\GREEN\POLLUTION SOLUTION WORKING V 1\POLLUTION SOLUTION\BOX2D_V2.1.2\BOX2D_V2.1.2\BOX2D\BUILD\BOX2D\BOX2D.DIR\DEBUG\B2BROADPHASE.OBJ
C:\USERS\RHODODENDRON\DOCUMENTS\GITHUB\GREEN\POLLUTION SOLUTION WORKING V 1\POLLUTION SOLUTION\BOX2D_V2.1.2\BOX2D_V2.1.2\BOX2D\BUILD\BOX2D\BOX2D.DIR\DEBUG\B2POLYGONSHAPE.OBJ
C:\USERS\RHODODENDRON\DOCUMENTS\GITHUB\GREEN\POLLUTION SOLUTION WORKING V 1\POLLUTION SOLUTION\BOX2D_V2.1.2\BOX2D_V2.1.2\BOX2D\BUILD\BOX2D\BOX2D.DIR\DEBUG\B2CIRCLESHAPE.OBJ
C:\USERS\RHODODENDRON\DOCUMENTS\GITHUB\GREEN\POLLUTION SOLUTION WORKING V 1\POLLUTION SOLUTION\BOX2D_V2.1.2\BOX2D_V2.1.2\BOX2D\BUILD\BOX2D\BOX2D.DIR\DEBUG\B2STACKALLOCATOR.OBJ
C:\USERS\RHODODENDRON\DOCUMENTS\GITHUB\GREEN\POLLUTION SOLUTION WORKING V 1\POLLUTION SOLUTION\BOX2D_V2.1.2\BOX2D_V2.1.2\BOX2D\BUILD\BOX2D\BOX2D.DIR\DEBUG\B2SETTINGS.OBJ
C:\USERS\RHODODENDRON\DOCUMENTS\GITHUB\GREEN\POLLUTION SOLUTION WORKING V 1\POLLUTION SOLUTION\BOX2D_V2.1.2\BOX2D_V2.1.2\BOX2D\BUILD\BOX2D\BOX2D.DIR\DEBUG\B2MATH.OBJ
C:\USERS\RHODODENDRON\DOCUMENTS\GITHUB\GREEN\POLLUTION SOLUTION WORKING V 1\POLLUTION SOLUTION\BOX2D_V2.1.2\BOX2D_V2.1.2\BOX2D\BUILD\BOX2D\BOX2D.DIR\DEBUG\B2BLOCKALLOCATOR.OBJ
C:\USERS\RHODODENDRON\DOCUMENTS\GITHUB\GREEN\POLLUTION SOLUTION WORKING V 1\POLLUTION SOLUTION\BOX2D_V2.1.2\BOX2D_V2.1.2\BOX2D\BUILD\BOX2D\BOX2D.DIR\DEBUG\B2WORLDCALLBACKS.OBJ
C:\USERS\RHODODENDRON\DOCUMENTS\GITHUB\GREEN\POLLUTION SOLUTION WORKING V 1\POLLUTION SOLUTION\BOX2D_V2.1.2\BOX2D_V2.1.2\BOX2D\BUILD\BOX2D\BOX2D.DIR\DEBUG\B2WORLD.OBJ
C:\USERS\RHODODENDRON\DOCUMENTS\GITHUB\GREEN\POLLUTION SOLUTION WORKING V 1\POLLUTION SOLUTION\BOX2D_V2.1.2\BOX2D_V2.1.2\BOX2D\BUILD\BOX2D\BOX2D.DIR\DEBUG\VC110.PDB
C:\USERS\RHODODENDRON\DOCUMENTS\GITHUB\GREEN\POLLUTION SOLUTION\BOX2D_V2.1.2\BOX2D_V2.1.2\BOX2D\BUILD\BOX2D\CMAKEFILES\GENERATE.STAMP
C:\USERS\RHODODENDRON\DOCUMENTS\GITHUB\GREEN\POLLUTION SOLUTION\COMMON\BOX2D.LIB
C:\USERS\RHODODENDRON\DOCUMENTS\GITHUB\GREEN\POLLUTION SOLUTION WORKING V 1\POLLUTION SOLUTION\COMMON\BOX2D.LIB
C:\Users\Jackie Wei\Documents\GitHub\greenplus\Pollution Solution Working v 1\Pollution Solution\Box2D_v2.1.2\Box2D_v2.1.2\Box2D\Build\Box2D\Box2D.dir\Debug\b2BlockAllocator.obj
C:\Users\Jackie Wei\Documents\GitHub\greenplus\Pollution Solution Working v 1\Pollution Solution\Box2D_v2.1.2\Box2D_v2.1.2\Box2D\Build\Box2D\Box2D.dir\Debug\b2Body.obj
C:\Users\Jackie Wei\Documents\GitHub\greenplus\Pollution Solution Working v 1\Pollution Solution\Box2D_v2.1.2\Box2D_v2.1.2\Box2D\Build\Box2D\Box2D.dir\Debug\b2BroadPhase.obj
C:\Users\Jackie Wei\Documents\GitHub\greenplus\Pollution Solution Working v 1\Pollution Solution\Box2D_v2.1.2\Box2D_v2.1.2\Box2D\Build\Box2D\Box2D.dir\Debug\b2CircleContact.obj
C:\Users\Jackie Wei\Documents\GitHub\greenplus\Pollution Solution Working v 1\Pollution Solution\Box2D_v2.1.2\Box2D_v2.1.2\Box2D\Build\Box2D\Box2D.dir\Debug\b2CircleShape.obj
C:\Users\Jackie Wei\Documents\GitHub\greenplus\Pollution Solution Working v 1\Pollution Solution\Box2D_v2.1.2\Box2D_v2.1.2\Box2D\Build\Box2D\Box2D.dir\Debug\b2CollideCircle.obj
C:\Users\Jackie Wei\Documents\GitHub\greenplus\Pollution Solution Working v 1\Pollution Solution\Box2D_v2.1.2\Box2D_v2.1.2\Box2D\Build\Box2D\Box2D.dir\Debug\b2CollidePolygon.obj
C:\Users\Jackie Wei\Documents\GitHub\greenplus\Pollution Solution Working v 1\Pollution Solution\Box2D_v2.1.2\Box2D_v2.1.2\Box2D\Build\Box2D\Box2D.dir\Debug\b2Collision.obj
C:\Users\Jackie Wei\Documents\GitHub\greenplus\Pollution Solution Working v 1\Pollution Solution\Box2D_v2.1.2\Box2D_v2.1.2\Box2D\Build\Box2D\Box2D.dir\Debug\b2Contact.obj
C:\Users\Jackie Wei\Documents\GitHub\greenplus\Pollution Solution Working v 1\Pollution Solution\Box2D_v2.1.2\Box2D_v2.1.2\Box2D\Build\Box2D\Box2D.dir\Debug\b2ContactManager.obj
C:\Users\Jackie Wei\Documents\GitHub\greenplus\Pollution Solution Working v 1\Pollution Solution\Box2D_v2.1.2\Box2D_v2.1.2\Box2D\Build\Box2D\Box2D.dir\Debug\b2ContactSolver.obj
C:\Users\Jackie Wei\Documents\GitHub\greenplus\Pollution Solution Working v 1\Pollution Solution\Box2D_v2.1.2\Box2D_v2.1.2\Box2D\Build\Box2D\Box2D.dir\Debug\b2Distance.obj
C:\Users\Jackie Wei\Documents\GitHub\greenplus\Pollution Solution Working v 1\Pollution Solution\Box2D_v2.1.2\Box2D_v2.1.2\Box2D\Build\Box2D\Box2D.dir\Debug\b2DistanceJoint.obj
C:\Users\Jackie Wei\Documents\GitHub\greenplus\Pollution Solution Working v 1\Pollution Solution\Box2D_v2.1.2\Box2D_v2.1.2\Box2D\Build\Box2D\Box2D.dir\Debug\b2DynamicTree.obj
C:\Users\Jackie Wei\Documents\GitHub\greenplus\Pollution Solution Working v 1\Pollution Solution\Box2D_v2.1.2\Box2D_v2.1.2\Box2D\Build\Box2D\Box2D.dir\Debug\b2Fixture.obj
C:\Users\Jackie Wei\Documents\GitHub\greenplus\Pollution Solution Working v 1\Pollution Solution\Box2D_v2.1.2\Box2D_v2.1.2\Box2D\Build\Box2D\Box2D.dir\Debug\b2FrictionJoint.obj
C:\Users\Jackie Wei\Documents\GitHub\greenplus\Pollution Solution Working v 1\Pollution Solution\Box2D_v2.1.2\Box2D_v2.1.2\Box2D\Build\Box2D\Box2D.dir\Debug\b2GearJoint.obj
C:\Users\Jackie Wei\Documents\GitHub\greenplus\Pollution Solution Working v 1\Pollution Solution\Box2D_v2.1.2\Box2D_v2.1.2\Box2D\Build\Box2D\Box2D.dir\Debug\b2Island.obj
C:\Users\Jackie Wei\Documents\GitHub\greenplus\Pollution Solution Working v 1\Pollution Solution\Box2D_v2.1.2\Box2D_v2.1.2\Box2D\Build\Box2D\Box2D.dir\Debug\b2Joint.obj
C:\Users\Jackie Wei\Documents\GitHub\greenplus\Pollution Solution Working v 1\Pollution Solution\Box2D_v2.1.2\Box2D_v2.1.2\Box2D\Build\Box2D\Box2D.dir\Debug\b2LineJoint.obj
C:\Users\Jackie Wei\Documents\GitHub\greenplus\Pollution Solution Working v 1\Pollution Solution\Box2D_v2.1.2\Box2D_v2.1.2\Box2D\Build\Box2D\Box2D.dir\Debug\b2Math.obj
C:\Users\Jackie Wei\Documents\GitHub\greenplus\Pollution Solution Working v 1\Pollution Solution\Box2D_v2.1.2\Box2D_v2.1.2\Box2D\Build\Box2D\Box2D.dir\Debug\b2MouseJoint.obj
C:\Users\Jackie Wei\Documents\GitHub\greenplus\Pollution Solution Working v 1\Pollution Solution\Box2D_v2.1.2\Box2D_v2.1.2\Box2D\Build\Box2D\Box2D.dir\Debug\b2PolygonAndCircleContact.obj
C:\Users\Jackie Wei\Documents\GitHub\greenplus\Pollution Solution Working v 1\Pollution Solution\Box2D_v2.1.2\Box2D_v2.1.2\Box2D\Build\Box2D\Box2D.dir\Debug\b2PolygonContact.obj
C:\Users\Jackie Wei\Documents\GitHub\greenplus\Pollution Solution Working v 1\Pollution Solution\Box2D_v2.1.2\Box2D_v2.1.2\Box2D\Build\Box2D\Box2D.dir\Debug\b2PolygonShape.obj
C:\Users\Jackie Wei\Documents\GitHub\greenplus\Pollution Solution Working v 1\Pollution Solution\Box2D_v2.1.2\Box2D_v2.1.2\Box2D\Build\Box2D\Box2D.dir\Debug\b2PrismaticJoint.obj
C:\Users\Jackie Wei\Documents\GitHub\greenplus\Pollution Solution Working v 1\Pollution Solution\Box2D_v2.1.2\Box2D_v2.1.2\Box2D\Build\Box2D\Box2D.dir\Debug\b2PulleyJoint.obj
C:\Users\Jackie Wei\Documents\GitHub\greenplus\Pollution Solution Working v 1\Pollution Solution\Box2D_v2.1.2\Box2D_v2.1.2\Box2D\Build\Box2D\Box2D.dir\Debug\b2RevoluteJoint.obj
C:\Users\Jackie Wei\Documents\GitHub\greenplus\Pollution Solution Working v 1\Pollution Solution\Box2D_v2.1.2\Box2D_v2.1.2\Box2D\Build\Box2D\Box2D.dir\Debug\b2Settings.obj
C:\Users\Jackie Wei\Documents\GitHub\greenplus\Pollution Solution Working v 1\Pollution Solution\Box2D_v2.1.2\Box2D_v2.1.2\Box2D\Build\Box2D\Box2D.dir\Debug\b2StackAllocator.obj
C:\Users\Jackie Wei\Documents\GitHub\greenplus\Pollution Solution Working v 1\Pollution Solution\Box2D_v2.1.2\Box2D_v2.1.2\Box2D\Build\Box2D\Box2D.dir\Debug\b2TimeOfImpact.obj
C:\Users\Jackie Wei\Documents\GitHub\greenplus\Pollution Solution Working v 1\Pollution Solution\Box2D_v2.1.2\Box2D_v2.1.2\Box2D\Build\Box2D\Box2D.dir\Debug\b2TOISolver.obj
C:\Users\Jackie Wei\Documents\GitHub\greenplus\Pollution Solution Working v 1\Pollution Solution\Box2D_v2.1.2\Box2D_v2.1.2\Box2D\Build\Box2D\Box2D.dir\Debug\b2WeldJoint.obj
C:\Users\Jackie Wei\Documents\GitHub\greenplus\Pollution Solution Working v 1\Pollution Solution\Box2D_v2.1.2\Box2D_v2.1.2\Box2D\Build\Box2D\Box2D.dir\Debug\b2World.obj
C:\Users\Jackie Wei\Documents\GitHub\greenplus\Pollution Solution Working v 1\Pollution Solution\Box2D_v2.1.2\Box2D_v2.1.2\Box2D\Build\Box2D\Box2D.dir\Debug\b2WorldCallbacks.obj
C:\Users\Jackie Wei\Documents\GitHub\greenplus\Pollution Solution Working v 1\Pollution Solution\Box2D_v2.1.2\Box2D_v2.1.2\Box2D\Build\Box2D\Box2D.dir\Debug\cl.command.1.tlog
C:\Users\Jackie Wei\Documents\GitHub\greenplus\Pollution Solution Working v 1\Pollution Solution\Box2D_v2.1.2\Box2D_v2.1.2\Box2D\Build\Box2D\Box2D.dir\Debug\CL.read.1.tlog
C:\Users\Jackie Wei\Documents\GitHub\greenplus\Pollution Solution Working v 1\Pollution Solution\Box2D_v2.1.2\Box2D_v2.1.2\Box2D\Build\Box2D\Box2D.dir\Debug\CL.write.1.tlog
C:\Users\Jackie Wei\Documents\GitHub\greenplus\Pollution Solution Working v 1\Pollution Solution\Box2D_v2.1.2\Box2D_v2.1.2\Box2D\Build\Box2D\Box2D.dir\Debug\custombuild.command.1.tlog
C:\Users\Jackie Wei\Documents\GitHub\greenplus\Pollution Solution Working v 1\Pollution Solution\Box2D_v2.1.2\Box2D_v2.1.2\Box2D\Build\Box2D\Box2D.dir\Debug\custombuild.read.1.tlog
C:\Users\Jackie Wei\Documents\GitHub\greenplus\Pollution Solution Working v 1\Pollution Solution\Box2D_v2.1.2\Box2D_v2.1.2\Box2D\Build\Box2D\Box2D.dir\Debug\custombuild.write.1.tlog
C:\Users\Jackie Wei\Documents\GitHub\greenplus\Pollution Solution Working v 1\Pollution Solution\Box2D_v2.1.2\Box2D_v2.1.2\Box2D\Build\Box2D\Box2D.dir\Debug\Lib-link.read.1.tlog
C:\Users\Jackie Wei\Documents\GitHub\greenplus\Pollution Solution Working v 1\Pollution Solution\Box2D_v2.1.2\Box2D_v2.1.2\Box2D\Build\Box2D\Box2D.dir\Debug\Lib-link.write.1.tlog
C:\Users\Jackie Wei\Documents\GitHub\greenplus\Pollution Solution Working v 1\Pollution Solution\Box2D_v2.1.2\Box2D_v2.1.2\Box2D\Build\Box2D\Box2D.dir\Debug\lib.command.1.tlog
C:\Users\Jackie Wei\Documents\GitHub\greenplus\Pollution Solution Working v 1\Pollution Solution\Box2D_v2.1.2\Box2D_v2.1.2\Box2D\Build\Box2D\Box2D.dir\Debug\vc110.pdb
C:\Users\Jackie Wei\Documents\GitHub\greenplus\Pollution Solution Working v 1\Pollution Solution\Common\Box2D.lib
