C:\USERS\STELLAR\DOCUMENTS\GITHUB\POLLUTION SOLUTION WORKING V 1\POLLUTION SOLUTION\TEMP\LUAPLUSFRAMEWORK\LMATHLIB.OBJ
C:\USERS\STELLAR\DOCUMENTS\GITHUB\POLLUTION SOLUTION WORKING V 1\POLLUTION SOLUTION\TEMP\LUAPLUSFRAMEWORK\LMEM.OBJ
C:\USERS\STELLAR\DOCUMENTS\GITHUB\POLLUTION SOLUTION WORKING V 1\POLLUTION SOLUTION\TEMP\LUAPLUSFRAMEWORK\LOADLIB.OBJ
C:\USERS\STELLAR\DOCUMENTS\GITHUB\POLLUTION SOLUTION WORKING V 1\POLLUTION SOLUTION\TEMP\LUAPLUSFRAMEWORK\LOBJECT.OBJ
C:\USERS\STELLAR\DOCUMENTS\GITHUB\POLLUTION SOLUTION WORKING V 1\POLLUTION SOLUTION\TEMP\LUAPLUSFRAMEWORK\LOPCODES.OBJ
C:\USERS\STELLAR\DOCUMENTS\GITHUB\POLLUTION SOLUTION WORKING V 1\POLLUTION SOLUTION\TEMP\LUAPLUSFRAMEWORK\LOSLIB.OBJ
C:\USERS\STELLAR\DOCUMENTS\GITHUB\POLLUTION SOLUTION WORKING V 1\POLLUTION SOLUTION\TEMP\LUAPLUSFRAMEWORK\LPARSER.OBJ
C:\USERS\STELLAR\DOCUMENTS\GITHUB\POLLUTION SOLUTION WORKING V 1\POLLUTION SOLUTION\TEMP\LUAPLUSFRAMEWORK\LSTATE.OBJ
C:\USERS\STELLAR\DOCUMENTS\GITHUB\POLLUTION SOLUTION WORKING V 1\POLLUTION SOLUTION\TEMP\LUAPLUSFRAMEWORK\LSTRING.OBJ
C:\USERS\STELLAR\DOCUMENTS\GITHUB\POLLUTION SOLUTION WORKING V 1\POLLUTION SOLUTION\TEMP\LUAPLUSFRAMEWORK\LSTRLIB.OBJ
C:\USERS\STELLAR\DOCUMENTS\GITHUB\POLLUTION SOLUTION WORKING V 1\POLLUTION SOLUTION\TEMP\LUAPLUSFRAMEWORK\LTABLE.OBJ
C:\USERS\STELLAR\DOCUMENTS\GITHUB\POLLUTION SOLUTION WORKING V 1\POLLUTION SOLUTION\TEMP\LUAPLUSFRAMEWORK\LTABLIB.OBJ
C:\USERS\STELLAR\DOCUMENTS\GITHUB\POLLUTION SOLUTION WORKING V 1\POLLUTION SOLUTION\TEMP\LUAPLUSFRAMEWORK\LTM.OBJ
C:\USERS\STELLAR\DOCUMENTS\GITHUB\POLLUTION SOLUTION WORKING V 1\POLLUTION SOLUTION\TEMP\LUAPLUSFRAMEWORK\LUNDUMP.OBJ
C:\USERS\STELLAR\DOCUMENTS\GITHUB\POLLUTION SOLUTION WORKING V 1\POLLUTION SOLUTION\TEMP\LUAPLUSFRAMEWORK\LVM.OBJ
C:\USERS\STELLAR\DOCUMENTS\GITHUB\POLLUTION SOLUTION WORKING V 1\POLLUTION SOLUTION\TEMP\LUAPLUSFRAMEWORK\LZIO.OBJ
C:\USERS\STELLAR\DOCUMENTS\GITHUB\POLLUTION SOLUTION WORKING V 1\POLLUTION SOLUTION\TEMP\LUAPLUSFRAMEWORK\PRINT.OBJ
C:\USERS\STELLAR\DOCUMENTS\GITHUB\POLLUTION SOLUTION WORKING V 1\POLLUTION SOLUTION\TEMP\LUAPLUSFRAMEWORK\LWSTRLIB.OBJ
C:\USERS\STELLAR\DOCUMENTS\GITHUB\POLLUTION SOLUTION WORKING V 1\POLLUTION SOLUTION\TEMP\LUAPLUSFRAMEWORK\PT.OBJ
C:\USERS\STELLAR\DOCUMENTS\GITHUB\POLLUTION SOLUTION WORKING V 1\POLLUTION SOLUTION\TEMP\LUAPLUSFRAMEWORK\SRM.OBJ
C:\USERS\STELLAR\DOCUMENTS\GITHUB\POLLUTION SOLUTION WORKING V 1\POLLUTION SOLUTION\TEMP\LUAPLUSFRAMEWORK\AUXILIAR.OBJ
C:\USERS\STELLAR\DOCUMENTS\GITHUB\POLLUTION SOLUTION WORKING V 1\POLLUTION SOLUTION\TEMP\LUAPLUSFRAMEWORK\LUAPLUSADDONS.OBJ
C:\USERS\STELLAR\DOCUMENTS\GITHUB\POLLUTION SOLUTION WORKING V 1\POLLUTION SOLUTION\TEMP\LUAPLUSFRAMEWORK\LUATHREAD.OBJ
C:\USERS\STELLAR\DOCUMENTS\GITHUB\POLLUTION SOLUTION WORKING V 1\POLLUTION SOLUTION\TEMP\LUAPLUSFRAMEWORK\LAPI.OBJ
C:\USERS\STELLAR\DOCUMENTS\GITHUB\POLLUTION SOLUTION WORKING V 1\POLLUTION SOLUTION\TEMP\LUAPLUSFRAMEWORK\LAUXLIB.OBJ
C:\USERS\STELLAR\DOCUMENTS\GITHUB\POLLUTION SOLUTION WORKING V 1\POLLUTION SOLUTION\TEMP\LUAPLUSFRAMEWORK\LBASELIB.OBJ
C:\USERS\STELLAR\DOCUMENTS\GITHUB\POLLUTION SOLUTION WORKING V 1\POLLUTION SOLUTION\TEMP\LUAPLUSFRAMEWORK\LCODE.OBJ
C:\USERS\STELLAR\DOCUMENTS\GITHUB\POLLUTION SOLUTION WORKING V 1\POLLUTION SOLUTION\TEMP\LUAPLUSFRAMEWORK\LDBLIB.OBJ
C:\USERS\STELLAR\DOCUMENTS\GITHUB\POLLUTION SOLUTION WORKING V 1\POLLUTION SOLUTION\TEMP\LUAPLUSFRAMEWORK\LDEBUG.OBJ
C:\USERS\STELLAR\DOCUMENTS\GITHUB\POLLUTION SOLUTION WORKING V 1\POLLUTION SOLUTION\TEMP\LUAPLUSFRAMEWORK\LDO.OBJ
C:\USERS\STELLAR\DOCUMENTS\GITHUB\POLLUTION SOLUTION WORKING V 1\POLLUTION SOLUTION\TEMP\LUAPLUSFRAMEWORK\LDUMP.OBJ
C:\USERS\STELLAR\DOCUMENTS\GITHUB\POLLUTION SOLUTION WORKING V 1\POLLUTION SOLUTION\TEMP\LUAPLUSFRAMEWORK\LFUNC.OBJ
C:\USERS\STELLAR\DOCUMENTS\GITHUB\POLLUTION SOLUTION WORKING V 1\POLLUTION SOLUTION\TEMP\LUAPLUSFRAMEWORK\LGC.OBJ
C:\USERS\STELLAR\DOCUMENTS\GITHUB\POLLUTION SOLUTION WORKING V 1\POLLUTION SOLUTION\TEMP\LUAPLUSFRAMEWORK\LINIT.OBJ
C:\USERS\STELLAR\DOCUMENTS\GITHUB\POLLUTION SOLUTION WORKING V 1\POLLUTION SOLUTION\TEMP\LUAPLUSFRAMEWORK\LIOLIB.OBJ
C:\USERS\STELLAR\DOCUMENTS\GITHUB\POLLUTION SOLUTION WORKING V 1\POLLUTION SOLUTION\TEMP\LUAPLUSFRAMEWORK\LLEX.OBJ
C:\USERS\STELLAR\DOCUMENTS\GITHUB\POLLUTION SOLUTION WORKING V 1\POLLUTION SOLUTION\TEMP\LUAPLUSFRAMEWORK\VC110.PDB
C:\USERS\STELLAR\DOCUMENTS\GITHUB\POLLUTION SOLUTION WORKING V 1\POLLUTION SOLUTION\TEMP\LUAPLUSFRAMEWORK\LUACALL.OBJ
C:\USERS\STELLAR\DOCUMENTS\GITHUB\POLLUTION SOLUTION WORKING V 1\POLLUTION SOLUTION\TEMP\LUAPLUSFRAMEWORK\LUAOBJECT.OBJ
C:\USERS\STELLAR\DOCUMENTS\GITHUB\POLLUTION SOLUTION WORKING V 1\POLLUTION SOLUTION\TEMP\LUAPLUSFRAMEWORK\LUAPLUS.OBJ
C:\USERS\STELLAR\DOCUMENTS\GITHUB\POLLUTION SOLUTION WORKING V 1\POLLUTION SOLUTION\TEMP\LUAPLUSFRAMEWORK\LUAPLUSFUNCTIONS.OBJ
C:\USERS\STELLAR\DOCUMENTS\GITHUB\POLLUTION SOLUTION WORKING V 1\POLLUTION SOLUTION\TEMP\LUAPLUSFRAMEWORK\LUAPLUS_LIBS.OBJ
C:\USERS\STELLAR\DOCUMENTS\GITHUB\POLLUTION SOLUTION WORKING V 1\POLLUTION SOLUTION\TEMP\LUAPLUSFRAMEWORK\LUASTACKOBJECT.OBJ
C:\USERS\STELLAR\DOCUMENTS\GITHUB\POLLUTION SOLUTION WORKING V 1\POLLUTION SOLUTION\TEMP\LUAPLUSFRAMEWORK\LUASTACKTABLEITERATOR.OBJ
C:\USERS\STELLAR\DOCUMENTS\GITHUB\POLLUTION SOLUTION WORKING V 1\POLLUTION SOLUTION\TEMP\LUAPLUSFRAMEWORK\LUASTATE.OBJ
C:\USERS\STELLAR\DOCUMENTS\GITHUB\POLLUTION SOLUTION WORKING V 1\POLLUTION SOLUTION\TEMP\LUAPLUSFRAMEWORK\LUASTATEOUTFILE.OBJ
C:\USERS\STELLAR\DOCUMENTS\GITHUB\POLLUTION SOLUTION WORKING V 1\POLLUTION SOLUTION\TEMP\LUAPLUSFRAMEWORK\LUASTATE_DUMPOBJECT.OBJ
C:\USERS\STELLAR\DOCUMENTS\GITHUB\POLLUTION SOLUTION WORKING V 1\POLLUTION SOLUTION\TEMP\LUAPLUSFRAMEWORK\LUATABLEITERATOR.OBJ
C:\USERS\STELLAR\DOCUMENTS\GITHUB\POLLUTION SOLUTION WORKING V 1\POLLUTION SOLUTION\COMMON\LUAPLUSFRAMEWORK.LIB
C:\Users\Stellar\Documents\github\Pollution Solution Working v 1\Pollution Solution\Temp\LuaPlusFramework\auxiliar.obj
C:\Users\Stellar\Documents\github\Pollution Solution Working v 1\Pollution Solution\Temp\LuaPlusFramework\lapi.obj
C:\Users\Stellar\Documents\github\Pollution Solution Working v 1\Pollution Solution\Temp\LuaPlusFramework\lauxlib.obj
C:\Users\Stellar\Documents\github\Pollution Solution Working v 1\Pollution Solution\Temp\LuaPlusFramework\lbaselib.obj
C:\Users\Stellar\Documents\github\Pollution Solution Working v 1\Pollution Solution\Temp\LuaPlusFramework\lcode.obj
C:\Users\Stellar\Documents\github\Pollution Solution Working v 1\Pollution Solution\Temp\LuaPlusFramework\ldblib.obj
C:\Users\Stellar\Documents\github\Pollution Solution Working v 1\Pollution Solution\Temp\LuaPlusFramework\ldebug.obj
C:\Users\Stellar\Documents\github\Pollution Solution Working v 1\Pollution Solution\Temp\LuaPlusFramework\ldo.obj
C:\Users\Stellar\Documents\github\Pollution Solution Working v 1\Pollution Solution\Temp\LuaPlusFramework\ldump.obj
C:\Users\Stellar\Documents\github\Pollution Solution Working v 1\Pollution Solution\Temp\LuaPlusFramework\lfunc.obj
C:\Users\Stellar\Documents\github\Pollution Solution Working v 1\Pollution Solution\Temp\LuaPlusFramework\lgc.obj
C:\Users\Stellar\Documents\github\Pollution Solution Working v 1\Pollution Solution\Temp\LuaPlusFramework\linit.obj
C:\Users\Stellar\Documents\github\Pollution Solution Working v 1\Pollution Solution\Temp\LuaPlusFramework\liolib.obj
C:\Users\Stellar\Documents\github\Pollution Solution Working v 1\Pollution Solution\Temp\LuaPlusFramework\llex.obj
C:\Users\Stellar\Documents\github\Pollution Solution Working v 1\Pollution Solution\Temp\LuaPlusFramework\lmathlib.obj
C:\Users\Stellar\Documents\github\Pollution Solution Working v 1\Pollution Solution\Temp\LuaPlusFramework\lmem.obj
C:\Users\Stellar\Documents\github\Pollution Solution Working v 1\Pollution Solution\Temp\LuaPlusFramework\loadlib.obj
C:\Users\Stellar\Documents\github\Pollution Solution Working v 1\Pollution Solution\Temp\LuaPlusFramework\lobject.obj
C:\Users\Stellar\Documents\github\Pollution Solution Working v 1\Pollution Solution\Temp\LuaPlusFramework\lopcodes.obj
C:\Users\Stellar\Documents\github\Pollution Solution Working v 1\Pollution Solution\Temp\LuaPlusFramework\loslib.obj
C:\Users\Stellar\Documents\github\Pollution Solution Working v 1\Pollution Solution\Temp\LuaPlusFramework\lparser.obj
C:\Users\Stellar\Documents\github\Pollution Solution Working v 1\Pollution Solution\Temp\LuaPlusFramework\lstate.obj
C:\Users\Stellar\Documents\github\Pollution Solution Working v 1\Pollution Solution\Temp\LuaPlusFramework\lstring.obj
C:\Users\Stellar\Documents\github\Pollution Solution Working v 1\Pollution Solution\Temp\LuaPlusFramework\lstrlib.obj
C:\Users\Stellar\Documents\github\Pollution Solution Working v 1\Pollution Solution\Temp\LuaPlusFramework\ltable.obj
C:\Users\Stellar\Documents\github\Pollution Solution Working v 1\Pollution Solution\Temp\LuaPlusFramework\ltablib.obj
C:\Users\Stellar\Documents\github\Pollution Solution Working v 1\Pollution Solution\Temp\LuaPlusFramework\ltm.obj
C:\Users\Stellar\Documents\github\Pollution Solution Working v 1\Pollution Solution\Temp\LuaPlusFramework\LuaCall.obj
C:\Users\Stellar\Documents\github\Pollution Solution Working v 1\Pollution Solution\Temp\LuaPlusFramework\LuaObject.obj
C:\Users\Stellar\Documents\github\Pollution Solution Working v 1\Pollution Solution\Temp\LuaPlusFramework\LuaPlus.obj
C:\Users\Stellar\Documents\github\Pollution Solution Working v 1\Pollution Solution\Temp\LuaPlusFramework\LuaPlusAddons.obj
C:\Users\Stellar\Documents\github\Pollution Solution Working v 1\Pollution Solution\Temp\LuaPlusFramework\LuaPlusFunctions.obj
C:\Users\Stellar\Documents\github\Pollution Solution Working v 1\Pollution Solution\Temp\LuaPlusFramework\LuaPlus_Libs.obj
C:\Users\Stellar\Documents\github\Pollution Solution Working v 1\Pollution Solution\Temp\LuaPlusFramework\LuaStackObject.obj
C:\Users\Stellar\Documents\github\Pollution Solution Working v 1\Pollution Solution\Temp\LuaPlusFramework\LuaStackTableIterator.obj
C:\Users\Stellar\Documents\github\Pollution Solution Working v 1\Pollution Solution\Temp\LuaPlusFramework\LuaState.obj
C:\Users\Stellar\Documents\github\Pollution Solution Working v 1\Pollution Solution\Temp\LuaPlusFramework\LuaStateOutFile.obj
C:\Users\Stellar\Documents\github\Pollution Solution Working v 1\Pollution Solution\Temp\LuaPlusFramework\LuaState_DumpObject.obj
C:\Users\Stellar\Documents\github\Pollution Solution Working v 1\Pollution Solution\Temp\LuaPlusFramework\LuaTableIterator.obj
C:\Users\Stellar\Documents\github\Pollution Solution Working v 1\Pollution Solution\Temp\LuaPlusFramework\luathread.obj
C:\Users\Stellar\Documents\github\Pollution Solution Working v 1\Pollution Solution\Temp\LuaPlusFramework\lundump.obj
C:\Users\Stellar\Documents\github\Pollution Solution Working v 1\Pollution Solution\Temp\LuaPlusFramework\lvm.obj
C:\Users\Stellar\Documents\github\Pollution Solution Working v 1\Pollution Solution\Temp\LuaPlusFramework\lwstrlib.obj
C:\Users\Stellar\Documents\github\Pollution Solution Working v 1\Pollution Solution\Temp\LuaPlusFramework\lzio.obj
C:\Users\Stellar\Documents\github\Pollution Solution Working v 1\Pollution Solution\Temp\LuaPlusFramework\print.obj
C:\Users\Stellar\Documents\github\Pollution Solution Working v 1\Pollution Solution\Temp\LuaPlusFramework\pt.obj
C:\Users\Stellar\Documents\github\Pollution Solution Working v 1\Pollution Solution\Temp\LuaPlusFramework\srm.obj
C:\Users\Stellar\Documents\github\Pollution Solution Working v 1\Pollution Solution\Temp\LuaPlusFramework\cl.command.1.tlog
C:\Users\Stellar\Documents\github\Pollution Solution Working v 1\Pollution Solution\Temp\LuaPlusFramework\CL.read.1.tlog
C:\Users\Stellar\Documents\github\Pollution Solution Working v 1\Pollution Solution\Temp\LuaPlusFramework\CL.write.1.tlog
C:\Users\Stellar\Documents\github\Pollution Solution Working v 1\Pollution Solution\Temp\LuaPlusFramework\Lib-link.read.1.tlog
C:\Users\Stellar\Documents\github\Pollution Solution Working v 1\Pollution Solution\Temp\LuaPlusFramework\Lib-link.write.1.tlog
C:\Users\Stellar\Documents\github\Pollution Solution Working v 1\Pollution Solution\Temp\LuaPlusFramework\lib.command.1.tlog
C:\Users\Stellar\Documents\github\Pollution Solution Working v 1\Pollution Solution\Temp\LuaPlusFramework\vc110.idb
C:\Users\Stellar\Documents\github\Pollution Solution Working v 1\Pollution Solution\Temp\LuaPlusFramework\vc110.pdb
C:\Users\Stellar\Documents\github\Pollution Solution Working v 1\Pollution Solution\Common\LuaPlusFramework.lib
