C:\USERS\RHODODENDRON\DOCUMENTS\GITHUB\GREEN\POLLUTION SOLUTION WORKING V 1\POLLUTION SOLUTION\OBJ\X32\DEBUG\FREEGLUT\FREEGLUT_FONT.OBJ
C:\USERS\RHODODENDRON\DOCUMENTS\GITHUB\GREEN\POLLUTION SOLUTION WORKING V 1\POLLUTION SOLUTION\OBJ\X32\DEBUG\FREEGLUT\FREEGLUT_FONT_DATA.OBJ
C:\USERS\RHODODENDRON\DOCUMENTS\GITHUB\GREEN\POLLUTION SOLUTION WORKING V 1\POLLUTION SOLUTION\OBJ\X32\DEBUG\FREEGLUT\FREEGLUT_GAMEMODE.OBJ
C:\USERS\RHODODENDRON\DOCUMENTS\GITHUB\GREEN\POLLUTION SOLUTION WORKING V 1\POLLUTION SOLUTION\OBJ\X32\DEBUG\FREEGLUT\FREEGLUT_GEOMETRY.OBJ
C:\USERS\RHODODENDRON\DOCUMENTS\GITHUB\GREEN\POLLUTION SOLUTION WORKING V 1\POLLUTION SOLUTION\OBJ\X32\DEBUG\FREEGLUT\FREEGLUT_GLUTFONT_DEFINITIONS.OBJ
C:\USERS\RHODODENDRON\DOCUMENTS\GITHUB\GREEN\POLLUTION SOLUTION WORKING V 1\POLLUTION SOLUTION\OBJ\X32\DEBUG\FREEGLUT\FREEGLUT_INIT.OBJ
C:\USERS\RHODODENDRON\DOCUMENTS\GITHUB\GREEN\POLLUTION SOLUTION WORKING V 1\POLLUTION SOLUTION\OBJ\X32\DEBUG\FREEGLUT\FREEGLUT_INPUT_DEVICES.OBJ
C:\USERS\RHODODENDRON\DOCUMENTS\GITHUB\GREEN\POLLUTION SOLUTION WORKING V 1\POLLUTION SOLUTION\OBJ\X32\DEBUG\FREEGLUT\FREEGLUT_JOYSTICK.OBJ
C:\USERS\RHODODENDRON\DOCUMENTS\GITHUB\GREEN\POLLUTION SOLUTION WORKING V 1\POLLUTION SOLUTION\OBJ\X32\DEBUG\FREEGLUT\FREEGLUT_MAIN.OBJ
C:\USERS\RHODODENDRON\DOCUMENTS\GITHUB\GREEN\POLLUTION SOLUTION WORKING V 1\POLLUTION SOLUTION\OBJ\X32\DEBUG\FREEGLUT\FREEGLUT_MENU.OBJ
C:\USERS\RHODODENDRON\DOCUMENTS\GITHUB\GREEN\POLLUTION SOLUTION WORKING V 1\POLLUTION SOLUTION\OBJ\X32\DEBUG\FREEGLUT\FREEGLUT_MISC.OBJ
C:\USERS\RHODODENDRON\DOCUMENTS\GITHUB\GREEN\POLLUTION SOLUTION WORKING V 1\POLLUTION SOLUTION\OBJ\X32\DEBUG\FREEGLUT\FREEGLUT_OVERLAY.OBJ
C:\USERS\RHODODENDRON\DOCUMENTS\GITHUB\GREEN\POLLUTION SOLUTION WORKING V 1\POLLUTION SOLUTION\OBJ\X32\DEBUG\FREEGLUT\FREEGLUT_SPACEBALL.OBJ
C:\USERS\RHODODENDRON\DOCUMENTS\GITHUB\GREEN\POLLUTION SOLUTION WORKING V 1\POLLUTION SOLUTION\OBJ\X32\DEBUG\FREEGLUT\FREEGLUT_STATE.OBJ
C:\USERS\RHODODENDRON\DOCUMENTS\GITHUB\GREEN\POLLUTION SOLUTION WORKING V 1\POLLUTION SOLUTION\OBJ\X32\DEBUG\FREEGLUT\FREEGLUT_STROKE_MONO_ROMAN.OBJ
C:\USERS\RHODODENDRON\DOCUMENTS\GITHUB\GREEN\POLLUTION SOLUTION WORKING V 1\POLLUTION SOLUTION\OBJ\X32\DEBUG\FREEGLUT\FREEGLUT_STROKE_ROMAN.OBJ
C:\USERS\RHODODENDRON\DOCUMENTS\GITHUB\GREEN\POLLUTION SOLUTION WORKING V 1\POLLUTION SOLUTION\OBJ\X32\DEBUG\FREEGLUT\FREEGLUT_STRUCTURE.OBJ
C:\USERS\RHODODENDRON\DOCUMENTS\GITHUB\GREEN\POLLUTION SOLUTION WORKING V 1\POLLUTION SOLUTION\OBJ\X32\DEBUG\FREEGLUT\FREEGLUT_TEAPOT.OBJ
C:\USERS\RHODODENDRON\DOCUMENTS\GITHUB\GREEN\POLLUTION SOLUTION WORKING V 1\POLLUTION SOLUTION\OBJ\X32\DEBUG\FREEGLUT\FREEGLUT_VIDEORESIZE.OBJ
C:\USERS\RHODODENDRON\DOCUMENTS\GITHUB\GREEN\POLLUTION SOLUTION WORKING V 1\POLLUTION SOLUTION\OBJ\X32\DEBUG\FREEGLUT\FREEGLUT_WINDOW.OBJ
C:\USERS\RHODODENDRON\DOCUMENTS\GITHUB\GREEN\POLLUTION SOLUTION WORKING V 1\POLLUTION SOLUTION\OBJ\X32\DEBUG\FREEGLUT\FREEGLUT_CALLBACKS.OBJ
C:\USERS\RHODODENDRON\DOCUMENTS\GITHUB\GREEN\POLLUTION SOLUTION WORKING V 1\POLLUTION SOLUTION\OBJ\X32\DEBUG\FREEGLUT\FREEGLUT_CURSOR.OBJ
C:\USERS\RHODODENDRON\DOCUMENTS\GITHUB\GREEN\POLLUTION SOLUTION WORKING V 1\POLLUTION SOLUTION\OBJ\X32\DEBUG\FREEGLUT\FREEGLUT_DISPLAY.OBJ
C:\USERS\RHODODENDRON\DOCUMENTS\GITHUB\GREEN\POLLUTION SOLUTION WORKING V 1\POLLUTION SOLUTION\OBJ\X32\DEBUG\FREEGLUT\FREEGLUT_EXT.OBJ
C:\USERS\RHODODENDRON\DOCUMENTS\GITHUB\GREEN\POLLUTION SOLUTION WORKING V 1\POLLUTION SOLUTION\BIN\DEBUG\FREEGLUT.PDB
C:\USERS\RHODODENDRON\DOCUMENTS\GITHUB\GREEN\POLLUTION SOLUTION WORKING V 1\POLLUTION SOLUTION\BIN\DEBUG\FREEGLUT.LIB
C:\Users\Rhododendron\Documents\GitHub\green\Pollution Solution Working v 1\Pollution Solution\obj\x32\Debug\FreeGLUT\freeglut_callbacks.obj
C:\Users\Rhododendron\Documents\GitHub\green\Pollution Solution Working v 1\Pollution Solution\obj\x32\Debug\FreeGLUT\freeglut_cursor.obj
C:\Users\Rhododendron\Documents\GitHub\green\Pollution Solution Working v 1\Pollution Solution\obj\x32\Debug\FreeGLUT\freeglut_display.obj
C:\Users\Rhododendron\Documents\GitHub\green\Pollution Solution Working v 1\Pollution Solution\obj\x32\Debug\FreeGLUT\freeglut_ext.obj
C:\Users\Rhododendron\Documents\GitHub\green\Pollution Solution Working v 1\Pollution Solution\obj\x32\Debug\FreeGLUT\freeglut_font.obj
C:\Users\Rhododendron\Documents\GitHub\green\Pollution Solution Working v 1\Pollution Solution\obj\x32\Debug\FreeGLUT\freeglut_font_data.obj
C:\Users\Rhododendron\Documents\GitHub\green\Pollution Solution Working v 1\Pollution Solution\obj\x32\Debug\FreeGLUT\freeglut_gamemode.obj
C:\Users\Rhododendron\Documents\GitHub\green\Pollution Solution Working v 1\Pollution Solution\obj\x32\Debug\FreeGLUT\freeglut_geometry.obj
C:\Users\Rhododendron\Documents\GitHub\green\Pollution Solution Working v 1\Pollution Solution\obj\x32\Debug\FreeGLUT\freeglut_glutfont_definitions.obj
C:\Users\Rhododendron\Documents\GitHub\green\Pollution Solution Working v 1\Pollution Solution\obj\x32\Debug\FreeGLUT\freeglut_init.obj
C:\Users\Rhododendron\Documents\GitHub\green\Pollution Solution Working v 1\Pollution Solution\obj\x32\Debug\FreeGLUT\freeglut_input_devices.obj
C:\Users\Rhododendron\Documents\GitHub\green\Pollution Solution Working v 1\Pollution Solution\obj\x32\Debug\FreeGLUT\freeglut_joystick.obj
C:\Users\Rhododendron\Documents\GitHub\green\Pollution Solution Working v 1\Pollution Solution\obj\x32\Debug\FreeGLUT\freeglut_main.obj
C:\Users\Rhododendron\Documents\GitHub\green\Pollution Solution Working v 1\Pollution Solution\obj\x32\Debug\FreeGLUT\freeglut_menu.obj
C:\Users\Rhododendron\Documents\GitHub\green\Pollution Solution Working v 1\Pollution Solution\obj\x32\Debug\FreeGLUT\freeglut_misc.obj
C:\Users\Rhododendron\Documents\GitHub\green\Pollution Solution Working v 1\Pollution Solution\obj\x32\Debug\FreeGLUT\freeglut_overlay.obj
C:\Users\Rhododendron\Documents\GitHub\green\Pollution Solution Working v 1\Pollution Solution\obj\x32\Debug\FreeGLUT\freeglut_spaceball.obj
C:\Users\Rhododendron\Documents\GitHub\green\Pollution Solution Working v 1\Pollution Solution\obj\x32\Debug\FreeGLUT\freeglut_state.obj
C:\Users\Rhododendron\Documents\GitHub\green\Pollution Solution Working v 1\Pollution Solution\obj\x32\Debug\FreeGLUT\freeglut_stroke_mono_roman.obj
C:\Users\Rhododendron\Documents\GitHub\green\Pollution Solution Working v 1\Pollution Solution\obj\x32\Debug\FreeGLUT\freeglut_stroke_roman.obj
C:\Users\Rhododendron\Documents\GitHub\green\Pollution Solution Working v 1\Pollution Solution\obj\x32\Debug\FreeGLUT\freeglut_structure.obj
C:\Users\Rhododendron\Documents\GitHub\green\Pollution Solution Working v 1\Pollution Solution\obj\x32\Debug\FreeGLUT\freeglut_teapot.obj
C:\Users\Rhododendron\Documents\GitHub\green\Pollution Solution Working v 1\Pollution Solution\obj\x32\Debug\FreeGLUT\freeglut_videoresize.obj
C:\Users\Rhododendron\Documents\GitHub\green\Pollution Solution Working v 1\Pollution Solution\obj\x32\Debug\FreeGLUT\freeglut_window.obj
C:\Users\Rhododendron\Documents\GitHub\green\Pollution Solution Working v 1\Pollution Solution\obj\x32\Debug\FreeGLUT\cl.command.1.tlog
C:\Users\Rhododendron\Documents\GitHub\green\Pollution Solution Working v 1\Pollution Solution\obj\x32\Debug\FreeGLUT\CL.read.1.tlog
C:\Users\Rhododendron\Documents\GitHub\green\Pollution Solution Working v 1\Pollution Solution\obj\x32\Debug\FreeGLUT\CL.write.1.tlog
C:\Users\Rhododendron\Documents\GitHub\green\Pollution Solution Working v 1\Pollution Solution\obj\x32\Debug\FreeGLUT\Lib-link.read.1.tlog
C:\Users\Rhododendron\Documents\GitHub\green\Pollution Solution Working v 1\Pollution Solution\obj\x32\Debug\FreeGLUT\Lib-link.write.1.tlog
C:\Users\Rhododendron\Documents\GitHub\green\Pollution Solution Working v 1\Pollution Solution\obj\x32\Debug\FreeGLUT\lib.command.1.tlog
C:\Users\Rhododendron\Documents\GitHub\green\Pollution Solution Working v 1\Pollution Solution\bin\Debug\FreeGLUT.lib
